#
# There is insufficient memory for the Java Runtime Environment to continue.
# Native memory allocation (mmap) failed to map 65536 bytes. Error detail: Failed to commit metaspace.
# Possible reasons:
#   The system is out of physical RAM or swap space
#   This process is running with CompressedOops enabled, and the Java Heap may be blocking the growth of the native heap
# Possible solutions:
#   Reduce memory load on the system
#   Increase physical memory or swap space
#   Check if swap backing store is full
#   Decrease Java heap size (-Xmx/-Xms)
#   Decrease number of Java threads
#   Decrease Java thread stack sizes (-Xss)
#   Set larger code cache with -XX:ReservedCodeCacheSize=
#   JVM is running with Unscaled Compressed Oops mode in which the Java heap is
#     placed in the first 4GB address space. The Java Heap base address is the
#     maximum limit for the native heap growth. Please use -XX:HeapBaseMinAddress
#     to set the Java Heap base and to place the Java Heap above 4GB virtual address.
# This output file may be truncated or incomplete.
#
#  Out of Memory Error (virtualSpaceNode.cpp:113), pid=8332, tid=22740
#
# JRE version: OpenJDK Runtime Environment Temurin-21.0.10+7 (21.0.10+7) (build 21.0.10+7-LTS)
# Java VM: OpenJDK 64-Bit Server VM Temurin-21.0.10+7 (21.0.10+7-LTS, mixed mode, sharing, tiered, compressed oops, compressed class ptrs, parallel gc, windows-amd64)
# No core dump will be written. Minidumps are not enabled by default on client versions of Windows
#

---------------  S U M M A R Y ------------

Command Line: --add-modules=ALL-SYSTEM --add-opens=java.base/java.util=ALL-UNNAMED --add-opens=java.base/java.lang=ALL-UNNAMED --add-opens=java.base/sun.nio.fs=ALL-UNNAMED -Declipse.application=org.eclipse.jdt.ls.core.id1 -Dosgi.bundles.defaultStartLevel=4 -Declipse.product=org.eclipse.jdt.ls.core.product -Djava.import.generatesMetadataFilesAtProjectRoot=false -DDetectVMInstallationsJob.disabled=true -Dfile.encoding=utf8 -XX:+UseParallelGC -XX:GCTimeRatio=4 -XX:AdaptiveSizePolicyWeight=90 -Dsun.zip.disableMemoryMapping=true -Xmx2G -Xms100m -Xlog:disable -javaagent:c:\Users\win11\.antigravity\extensions\redhat.java-1.53.0-win32-x64\lombok\lombok-1.18.39-4050.jar -XX:+HeapDumpOnOutOfMemoryError -XX:HeapDumpPath=c:\Users\win11\AppData\Roaming\Antigravity\User\workspaceStorage\038fb1986a159944be3a2768635ce611\redhat.java -Daether.dependencyCollector.impl=bf c:\Users\win11\.antigravity\extensions\redhat.java-1.53.0-win32-x64\server\plugins\org.eclipse.equinox.launcher_1.7.100.v20251111-0406.jar -configuration c:\Users\win11\AppData\Roaming\Antigravity\User\globalStorage\redhat.java\1.53.0\config_win -data c:\Users\win11\AppData\Roaming\Antigravity\User\workspaceStorage\038fb1986a159944be3a2768635ce611\redhat.java\jdt_ws --pipe=\\.\pipe\lsp-a4b917e137b5e807601d1c311347c1a9-sock

Host: 12th Gen Intel(R) Core(TM) i5-12500H, 16 cores, 15G,  Windows 11 , 64 bit Build 26100 (10.0.26100.8246)
Time: Tue Apr 21 01:25:14 2026 T僡kiye Standart Saati elapsed time: 0.396893 seconds (0d 0h 0m 0s)

---------------  T H R E A D  ---------------

Current thread (0x000001b79ce2b4a0):  JavaThread "main"             [_thread_in_vm, id=22740, stack(0x0000007c8a900000,0x0000007c8aa00000) (1024K)]

Stack: [0x0000007c8a900000,0x0000007c8aa00000]
Native frames: (J=compiled Java code, j=interpreted, Vv=VM code, C=native code)
V  [jvm.dll+0x6d7a39]
V  [jvm.dll+0x8b4b26]
V  [jvm.dll+0x8b70de]
V  [jvm.dll+0x8b77c3]
V  [jvm.dll+0x284346]
V  [jvm.dll+0x8b086e]
V  [jvm.dll+0x679444]
V  [jvm.dll+0x6794aa]
V  [jvm.dll+0x67bca6]
V  [jvm.dll+0x67bb72]
V  [jvm.dll+0x679e1e]
V  [jvm.dll+0x26f614]
V  [jvm.dll+0x219f3f]
V  [jvm.dll+0x20f62e]
V  [jvm.dll+0x5b644f]
V  [jvm.dll+0x22168e]
V  [jvm.dll+0x82e12d]
V  [jvm.dll+0x82f15b]
V  [jvm.dll+0x82f918]
V  [jvm.dll+0x21a7fb]
V  [jvm.dll+0x20f647]
V  [jvm.dll+0x5b644f]
V  [jvm.dll+0x22168e]
V  [jvm.dll+0x82e12d]
V  [jvm.dll+0x82f15b]
V  [jvm.dll+0x82f724]
V  [jvm.dll+0x82f3b8]
V  [jvm.dll+0x271c6d]
V  [jvm.dll+0x3dce3e]
C  0x000001b7a9979274

The last pc belongs to new (printed below).
Java frames: (J=compiled Java code, j=interpreted, Vv=VM code)
j  sun.security.util.DisabledAlgorithmConstraints$Constraints.<init>(Ljava/lang/String;Ljava/util/Set;)V+401 java.base@21.0.10
j  sun.security.util.DisabledAlgorithmConstraints.<init>(Ljava/lang/String;Lsun/security/util/AlgorithmDecomposer;)V+144 java.base@21.0.10
j  sun.security.util.DisabledAlgorithmConstraints.<init>(Ljava/lang/String;)V+9 java.base@21.0.10
j  sun.security.util.DisabledAlgorithmConstraints$JarHolder.<clinit>()V+6 java.base@21.0.10
v  ~StubRoutines::call_stub 0x000001b7a996100d
j  sun.security.util.DisabledAlgorithmConstraints.jarConstraints()Lsun/security/util/DisabledAlgorithmConstraints;+0 java.base@21.0.10
j  sun.security.pkcs.SignerInfo.<clinit>()V+0 java.base@21.0.10
v  ~StubRoutines::call_stub 0x000001b7a996100d
j  sun.security.pkcs.PKCS7.parseSignedData(Lsun/security/util/DerValue;)V+622 java.base@21.0.10
j  sun.security.pkcs.PKCS7.parse(Lsun/security/util/DerInputStream;Z)V+51 java.base@21.0.10
j  sun.security.pkcs.PKCS7.parse(Lsun/security/util/DerInputStream;)V+11 java.base@21.0.10
j  sun.security.pkcs.PKCS7.<init>([B)V+50 java.base@21.0.10
j  sun.security.util.SignatureFileVerifier.<init>(Ljava/util/ArrayList;Lsun/security/util/ManifestDigester;Ljava/lang/String;[B)V+35 java.base@21.0.10
j  java.util.jar.JarVerifier.processEntry(Lsun/security/util/ManifestEntryVerifier;)V+319 java.base@21.0.10
j  java.util.jar.JarVerifier.update(I[BIILsun/security/util/ManifestEntryVerifier;)V+39 java.base@21.0.10
j  java.util.jar.JarFile.initializeVerifier()V+164 java.base@21.0.10
j  java.util.jar.JarFile.ensureInitialization()V+36 java.base@21.0.10
j  java.util.jar.JavaUtilJarAccessImpl.ensureInitialization(Ljava/util/jar/JarFile;)V+1 java.base@21.0.10
j  jdk.internal.loader.URLClassPath$JarLoader$2.getManifest()Ljava/util/jar/Manifest;+10 java.base@21.0.10
j  jdk.internal.loader.BuiltinClassLoader.defineClass(Ljava/lang/String;Ljdk/internal/loader/Resource;)Ljava/lang/Class;+29 java.base@21.0.10
j  jdk.internal.loader.BuiltinClassLoader.findClassOnClassPathOrNull(Ljava/lang/String;)Ljava/lang/Class;+37 java.base@21.0.10
j  jdk.internal.loader.BuiltinClassLoader.loadClassOrNull(Ljava/lang/String;Z)Ljava/lang/Class;+111 java.base@21.0.10
j  jdk.internal.loader.BuiltinClassLoader.loadClass(Ljava/lang/String;Z)Ljava/lang/Class;+3 java.base@21.0.10
j  jdk.internal.loader.ClassLoaders$AppClassLoader.loadClass(Ljava/lang/String;Z)Ljava/lang/Class;+36 java.base@21.0.10
j  java.lang.ClassLoader.loadClass(Ljava/lang/String;)Ljava/lang/Class;+3 java.base@21.0.10
v  ~StubRoutines::call_stub 0x000001b7a996100d
j  java.lang.Class.forName0(Ljava/lang/String;ZLjava/lang/ClassLoader;Ljava/lang/Class;)Ljava/lang/Class;+0 java.base@21.0.10
j  java.lang.Class.forName(Ljava/lang/String;ZLjava/lang/ClassLoader;Ljava/lang/Class;)Ljava/lang/Class;+37 java.base@21.0.10
j  java.lang.Class.forName(Ljava/lang/String;ZLjava/lang/ClassLoader;)Ljava/lang/Class;+20 java.base@21.0.10
j  sun.launcher.LauncherHelper.loadMainClass(ILjava/lang/String;)Ljava/lang/Class;+95 java.base@21.0.10
j  sun.launcher.LauncherHelper.checkAndLoadMain(ZILjava/lang/String;)Ljava/lang/Class;+42 java.base@21.0.10
v  ~StubRoutines::call_stub 0x000001b7a996100d
new  187 new  [0x000001b7a99790e0, 0x000001b7a99792e8]  520 bytes
[MachCode]
  0x000001b7a99790e0: 4883 ec08 | c5fa 1104 | 24eb 1f48 | 83ec 10c5 | fb11 0424 | eb14 4883 | ec10 4889 | 0424 48c7 
  0x000001b7a9979100: 4424 0800 | 0000 00eb | 0150 410f | b755 010f | cac1 ea10 | 488b 4de8 | 488b 4908 | 488b 4908 
  0x000001b7a9979120: 488b 4108 | 807c 1004 | 070f 85d3 | 0000 0066 | 8b54 d148 | 488b 4928 | 488b 4cd1 | 0851 80b9 
  0x000001b7a9979140: 3101 0000 | 040f 85b6 | 0000 008b | 5108 f6c2 | 010f 85aa | 0000 0049 | 8b87 b801 | 0000 488d 
  0x000001b7a9979160: 1c10 493b | 9fc8 0100 | 000f 8792 | 0000 0049 | 899f b801 | 0000 4883 | ea10 0f84 | 0f00 0000 
  0x000001b7a9979180: 33c9 c1ea | 0348 894c | d008 48ff | ca75 f648 | c700 0100 | 0000 5933 | f689 700c | 49ba 0000 
  0x000001b7a99791a0: 00b6 b701 | 0000 492b | ca89 4808 | 49ba c75c | 9f04 f87f | 0000 4180 | 3a00 0f84 | 3c00 0000 
  0x000001b7a99791c0: 5048 8bc8 | 4883 ec20 | 40f6 c40f | 0f84 1900 | 0000 4883 | ec08 48b8 | 90e1 4804 | f87f 0000 
  0x000001b7a99791e0: ffd0 4883 | c408 e90c | 0000 0048 | b890 e148 | 04f8 7f00 | 00ff d048 | 83c4 2058 | e9cb 0000 
  0x000001b7a9979200: 0059 488b | 55e8 488b | 5208 488b | 5208 450f | b745 0141 | 0fc8 41c1 | e810 e805 | 0000 00e9 
  0x000001b7a9979220: a800 0000 | 488d 4424 | 084c 896d | c049 8bcf | c5f8 7749 | 89af b003 | 0000 4989 | 87a0 0300 
  0x000001b7a9979240: 0048 83ec | 2040 f6c4 | 0f0f 8419 | 0000 0048 | 83ec 0848 | b8f0 cd12 | 04f8 7f00 | 00ff d048 
  0x000001b7a9979260: 83c4 08e9 | 0c00 0000 | 48b8 f0cd | 1204 f87f | 0000 ffd0 | 4883 c420 | 49c7 87a0 | 0300 0000 
  0x000001b7a9979280: 0000 0049 | c787 b003 | 0000 0000 | 0000 49c7 | 87a8 0300 | 0000 0000 | 00c5 f877 | 4983 7f08 
  0x000001b7a99792a0: 000f 8405 | 0000 00e9 | 547c feff | 498b 87f8 | 0300 0049 | c787 f803 | 0000 0000 | 0000 4c8b 
  0x000001b7a99792c0: 6dc0 4c8b | 75c8 4e8d | 74f5 00c3 | 410f b65d | 0349 83c5 | 0349 ba10 | 25a2 04f8 | 7f00 0041 
  0x000001b7a99792e0: ff24 da0f | 1f44 0000 
[/MachCode]

---------------  P R O C E S S  ---------------

Threads class SMR info:
_java_thread_list=0x000001b7fe03f860, length=16, elements={
0x000001b79ce2b4a0, 0x000001b79f2be030, 0x000001b79f3b1fd0, 0x000001b79f3baeb0,
0x000001b79f3bbb70, 0x000001b79f3be3d0, 0x000001b7f818cf70, 0x000001b79f3cbd00,
0x000001b79f3cdea0, 0x000001b7f82a3350, 0x000001b7f82a3a00, 0x000001b7f82a59d0,
0x000001b7f82abea0, 0x000001b7f8306880, 0x000001b7f840b860, 0x000001b7fe03c100
}

Java Threads: ( => current thread )
=>0x000001b79ce2b4a0 JavaThread "main"                              [_thread_in_vm, id=22740, stack(0x0000007c8a900000,0x0000007c8aa00000) (1024K)]
  0x000001b79f2be030 JavaThread "Reference Handler"          daemon [_thread_blocked, id=26316, stack(0x0000007c8ad00000,0x0000007c8ae00000) (1024K)]
  0x000001b79f3b1fd0 JavaThread "Finalizer"                  daemon [_thread_blocked, id=16456, stack(0x0000007c8ae00000,0x0000007c8af00000) (1024K)]
  0x000001b79f3baeb0 JavaThread "Signal Dispatcher"          daemon [_thread_blocked, id=30488, stack(0x0000007c8af00000,0x0000007c8b000000) (1024K)]
  0x000001b79f3bbb70 JavaThread "Attach Listener"            daemon [_thread_blocked, id=22692, stack(0x0000007c8b000000,0x0000007c8b100000) (1024K)]
  0x000001b79f3be3d0 JavaThread "Service Thread"             daemon [_thread_blocked, id=19992, stack(0x0000007c8b100000,0x0000007c8b200000) (1024K)]
  0x000001b7f818cf70 JavaThread "Monitor Deflation Thread"   daemon [_thread_blocked, id=25900, stack(0x0000007c8b200000,0x0000007c8b300000) (1024K)]
  0x000001b79f3cbd00 JavaThread "C2 CompilerThread0"         daemon [_thread_blocked, id=23588, stack(0x0000007c8b300000,0x0000007c8b400000) (1024K)]
  0x000001b79f3cdea0 JavaThread "C1 CompilerThread0"         daemon [_thread_in_vm, id=24204, stack(0x0000007c8b400000,0x0000007c8b500000) (1024K)]
  0x000001b7f82a3350 JavaThread "C1 CompilerThread1"         daemon [_thread_in_vm, id=28844, stack(0x0000007c8b500000,0x0000007c8b600000) (1024K)]
  0x000001b7f82a3a00 JavaThread "C1 CompilerThread2"         daemon [_thread_blocked, id=26148, stack(0x0000007c8b600000,0x0000007c8b700000) (1024K)]
  0x000001b7f82a59d0 JavaThread "C1 CompilerThread3"         daemon [_thread_blocked, id=22492, stack(0x0000007c8b700000,0x0000007c8b800000) (1024K)]
  0x000001b7f82abea0 JavaThread "C2 CompilerThread1"         daemon [_thread_blocked, id=28788, stack(0x0000007c8b800000,0x0000007c8b900000) (1024K)]
  0x000001b7f8306880 JavaThread "C2 CompilerThread2"         daemon [_thread_in_native, id=13168, stack(0x0000007c8b900000,0x0000007c8ba00000) (1024K)]
  0x000001b7f840b860 JavaThread "Common-Cleaner"             daemon [_thread_blocked, id=22716, stack(0x0000007c8ba00000,0x0000007c8bb00000) (1024K)]
  0x000001b7fe03c100 JavaThread "Notification Thread"        daemon [_thread_blocked, id=30792, stack(0x0000007c8bb00000,0x0000007c8bc00000) (1024K)]
Total: 16

Other Threads:
  0x000001b79f2a1c90 VMThread "VM Thread"                           [id=2516, stack(0x0000007c8ac00000,0x0000007c8ad00000) (1024K)]
  0x000001b79f19ca00 WatcherThread "VM Periodic Task Thread"        [id=27244, stack(0x0000007c8ab00000,0x0000007c8ac00000) (1024K)]
  0x000001b79f32d930 WorkerThread "GC Thread#0"                     [id=2356, stack(0x0000007c8aa00000,0x0000007c8ab00000) (1024K)]
Total: 3

Threads with active compile tasks:
C1 CompilerThread0  424  693       3       sun.instrument.InstrumentationImpl::transform (73 bytes)
C1 CompilerThread1  424  696       3       lombok.eclipse.agent.EclipsePatcher$1::shouldTransform (107 bytes)
C2 CompilerThread2  424  676       4       lombok.patcher.scripts.MethodLevelPatchScript::patch (21 bytes)
Total: 3

VM state: not at safepoint (normal execution)

VM Mutex/Monitor currently owned by a thread:  ([mutex/lock_event])
[0x00007ff804a0c4e0] Metaspace_lock - owner thread: 0x000001b79ce2b4a0

Heap address: 0x0000000080000000, size: 2048 MB, Compressed Oops mode: 32-bit

CDS archive(s) mapped at: [0x000001b7b6000000-0x000001b7b6ba0000-0x000001b7b6ba0000), size 12189696, SharedBaseAddress: 0x000001b7b6000000, ArchiveRelocationMode: 1.
Compressed class space mapped at: 0x000001b7b7000000-0x000001b7f7000000, reserved size: 1073741824
Narrow klass base: 0x000001b7b6000000, Narrow klass shift: 0, Narrow klass range: 0x100000000

GC Precious Log:
 CardTable entry size: 512
 CPUs: 16 total, 16 available
 Memory: 16109M
 Large Page Support: Disabled
 NUMA Support: Disabled
 Compressed Oops: Enabled (32-bit)
 Alignments: Space 512K, Generation 512K, Heap 2M
 Heap Min Capacity: 100M
 Heap Initial Capacity: 100M
 Heap Max Capacity: 2G
 Pre-touch: Disabled
 Parallel Workers: 13

Heap:
 PSYoungGen      total 29696K, used 14042K [0x00000000d5580000, 0x00000000d7680000, 0x0000000100000000)
  eden space 25600K, 54% used [0x00000000d5580000,0x00000000d6336bb8,0x00000000d6e80000)
  from space 4096K, 0% used [0x00000000d7280000,0x00000000d7280000,0x00000000d7680000)
  to   space 4096K, 0% used [0x00000000d6e80000,0x00000000d6e80000,0x00000000d7280000)
 ParOldGen       total 68608K, used 0K [0x0000000080000000, 0x0000000084300000, 0x00000000d5580000)
  object space 68608K, 0% used [0x0000000080000000,0x0000000080000000,0x0000000084300000)
 Metaspace       used 2262K, committed 2432K, reserved 1114112K
  class space    used 224K, committed 320K, reserved 1048576K

Card table byte_map: [0x000001b79ecb0000,0x000001b79f0c0000] _byte_map_base: 0x000001b79e8b0000

Marking Bits: (ParMarkBitMap*) 0x00007ff804a13450
 Begin Bits: [0x000001b7b17c0000, 0x000001b7b37c0000)
 End Bits:   [0x000001b7b37c0000, 0x000001b7b57c0000)

Polling page: 0x000001b79d110000

Metaspace:

Usage:
  Non-class:      1.99 MB used.
      Class:    224.27 KB used.
       Both:      2.21 MB used.

Virtual space:
  Non-class space:       64.00 MB reserved,       2.06 MB (  3%) committed,  1 nodes.
      Class space:        1.00 GB reserved,     320.00 KB ( <1%) committed,  1 nodes.
             Both:        1.06 GB reserved,       2.38 MB ( <1%) committed. 

Chunk freelists:
   Non-Class:  11.65 MB
       Class:  15.67 MB
        Both:  27.32 MB

MaxMetaspaceSize: unlimited
CompressedClassSpaceSize: 1.00 GB
Initial GC threshold: 21.00 MB
Current GC threshold: 21.00 MB
CDS: on
 - commit_granule_bytes: 65536.
 - commit_granule_words: 8192.
 - virtual_space_node_default_size: 8388608.
 - enlarge_chunks_in_place: 1.
 - use_allocation_guard: 0.


Internal statistics:

num_allocs_failed_limit: 0.
num_arena_births: 80.
num_arena_deaths: 0.
num_vsnodes_births: 2.
num_vsnodes_deaths: 0.
num_space_committed: 38.
num_space_uncommitted: 0.
num_chunks_returned_to_freelist: 0.
num_chunks_taken_from_freelist: 102.
num_chunk_merges: 0.
num_chunk_splits: 72.
num_chunks_enlarged: 46.
num_inconsistent_stats: 0.

CodeHeap 'non-profiled nmethods': size=119168Kb used=245Kb max_used=245Kb free=118922Kb
 bounds [0x000001b7aa0b0000, 0x000001b7aa320000, 0x000001b7b1510000]
CodeHeap 'profiled nmethods': size=119104Kb used=1018Kb max_used=1018Kb free=118086Kb
 bounds [0x000001b7a2510000, 0x000001b7a2780000, 0x000001b7a9960000]
CodeHeap 'non-nmethods': size=7488Kb used=2863Kb max_used=2882Kb free=4624Kb
 bounds [0x000001b7a9960000, 0x000001b7a9c40000, 0x000001b7aa0b0000]
CodeCache: size=245760Kb, used=4126Kb, max_used=4145Kb, free=241632Kb
 total_blobs=1122, nmethods=692, adapters=334, full_count=0
Compilation: enabled, stopped_count=0, restarted_count=0

Compilation events (20 events):
Event: 0.390 Thread 0x000001b7f82a3350  682       3       java.io.ByteArrayOutputStream::ensureCapacity (32 bytes)
Event: 0.390 Thread 0x000001b7f82a3350 nmethod 682 0x000001b7a2608a90 code [0x000001b7a2608c60, 0x000001b7a2608fb8]
Event: 0.391 Thread 0x000001b79f3cdea0  684       3       java.math.BigInteger::<init> (404 bytes)
Event: 0.391 Thread 0x000001b7f82a59d0  685       3       java.math.BigInteger::getInt (63 bytes)
Event: 0.391 Thread 0x000001b7f82a59d0 nmethod 685 0x000001b7a2609110 code [0x000001b7a2609300, 0x000001b7a26096c8]
Event: 0.391 Thread 0x000001b79f3cbd00 nmethod 677 0x000001b7aa0e8d10 code [0x000001b7aa0e8ea0, 0x000001b7aa0e9050]
Event: 0.391 Thread 0x000001b79f3cbd00  686       4       java.math.BigInteger::destructiveMulAdd (150 bytes)
Event: 0.392 Thread 0x000001b7f82a3350  687       3       sun.security.util.CurveDB::bi (11 bytes)
Event: 0.392 Thread 0x000001b7f82a3350 nmethod 687 0x000001b7a2609810 code [0x000001b7a26099c0, 0x000001b7a2609b80]
Event: 0.393 Thread 0x000001b79f3cdea0 nmethod 684 0x000001b7a2609c10 code [0x000001b7a260a0e0, 0x000001b7a260c138]
Event: 0.393 Thread 0x000001b7f82a3350  690  s    3       java.io.ByteArrayOutputStream::write (32 bytes)
Event: 0.393 Thread 0x000001b7f82a3a00  691       3       java.util.LinkedHashMap::linkNodeAtEnd (76 bytes)
Event: 0.393 Thread 0x000001b7f82a59d0  692       1       java.math.BigInteger::signum (5 bytes)
Event: 0.394 Thread 0x000001b7f82a3350 nmethod 690 0x000001b7a260cf90 code [0x000001b7a260d140, 0x000001b7a260d390]
Event: 0.394 Thread 0x000001b7f82a59d0 nmethod 692 0x000001b7aa0e9190 code [0x000001b7aa0e9320, 0x000001b7aa0e93e8]
Event: 0.394 Thread 0x000001b7f82a3a00 nmethod 691 0x000001b7a260d490 code [0x000001b7a260d640, 0x000001b7a260d950]
Event: 0.395 Thread 0x000001b79f3cdea0  693       3       sun.instrument.InstrumentationImpl::transform (73 bytes)
Event: 0.395 Thread 0x000001b7f82a3a00  694   !   3       sun.instrument.TransformerManager::transform (100 bytes)
Event: 0.395 Thread 0x000001b7f82a59d0  695       3       java.lang.instrument.ClassFileTransformer::transform (15 bytes)
Event: 0.395 Thread 0x000001b7f82a3350  696       3       lombok.eclipse.agent.EclipsePatcher$1::shouldTransform (107 bytes)

GC Heap History (0 events):
No events

Dll operation events (8 events):
Event: 0.009 Loaded shared library c:\Users\win11\.antigravity\extensions\redhat.java-1.53.0-win32-x64\jre\21.0.10-win32-x86_64\bin\java.dll
Event: 0.030 Loaded shared library c:\Users\win11\.antigravity\extensions\redhat.java-1.53.0-win32-x64\jre\21.0.10-win32-x86_64\bin\zip.dll
Event: 0.078 Loaded shared library C:\Users\win11\.antigravity\extensions\redhat.java-1.53.0-win32-x64\jre\21.0.10-win32-x86_64\bin\instrument.dll
Event: 0.083 Loaded shared library C:\Users\win11\.antigravity\extensions\redhat.java-1.53.0-win32-x64\jre\21.0.10-win32-x86_64\bin\net.dll
Event: 0.086 Loaded shared library C:\Users\win11\.antigravity\extensions\redhat.java-1.53.0-win32-x64\jre\21.0.10-win32-x86_64\bin\nio.dll
Event: 0.089 Loaded shared library C:\Users\win11\.antigravity\extensions\redhat.java-1.53.0-win32-x64\jre\21.0.10-win32-x86_64\bin\zip.dll
Event: 0.107 Loaded shared library C:\Users\win11\.antigravity\extensions\redhat.java-1.53.0-win32-x64\jre\21.0.10-win32-x86_64\bin\jimage.dll
Event: 0.194 Loaded shared library c:\Users\win11\.antigravity\extensions\redhat.java-1.53.0-win32-x64\jre\21.0.10-win32-x86_64\bin\verify.dll

Deoptimization events (20 events):
Event: 0.362 Thread 0x000001b79ce2b4a0 Uncommon trap: trap_request=0xffffffde fr.pc=0x000001b7aa0e36cc relative=0x000000000000012c
Event: 0.362 Thread 0x000001b79ce2b4a0 Uncommon trap: reason=class_check action=maybe_recompile pc=0x000001b7aa0e36cc method=jdk.internal.misc.Unsafe.allocateUninitializedArray(Ljava/lang/Class;I)Ljava/lang/Object; @ 51 c2
Event: 0.362 Thread 0x000001b79ce2b4a0 DEOPT PACKING pc=0x000001b7aa0e36cc sp=0x0000007c8a9fb2e0
Event: 0.363 Thread 0x000001b79ce2b4a0 DEOPT UNPACKING pc=0x000001b7a99b3aa2 sp=0x0000007c8a9fb258 mode 2
Event: 0.363 Thread 0x000001b79ce2b4a0 Uncommon trap: trap_request=0xffffffde fr.pc=0x000001b7aa0e36cc relative=0x000000000000012c
Event: 0.363 Thread 0x000001b79ce2b4a0 Uncommon trap: reason=class_check action=maybe_recompile pc=0x000001b7aa0e36cc method=jdk.internal.misc.Unsafe.allocateUninitializedArray(Ljava/lang/Class;I)Ljava/lang/Object; @ 51 c2
Event: 0.363 Thread 0x000001b79ce2b4a0 DEOPT PACKING pc=0x000001b7aa0e36cc sp=0x0000007c8a9fb2e0
Event: 0.363 Thread 0x000001b79ce2b4a0 DEOPT UNPACKING pc=0x000001b7a99b3aa2 sp=0x0000007c8a9fb258 mode 2
Event: 0.363 Thread 0x000001b79ce2b4a0 Uncommon trap: trap_request=0xffffffde fr.pc=0x000001b7aa0e36cc relative=0x000000000000012c
Event: 0.363 Thread 0x000001b79ce2b4a0 Uncommon trap: reason=class_check action=maybe_recompile pc=0x000001b7aa0e36cc method=jdk.internal.misc.Unsafe.allocateUninitializedArray(Ljava/lang/Class;I)Ljava/lang/Object; @ 51 c2
Event: 0.363 Thread 0x000001b79ce2b4a0 DEOPT PACKING pc=0x000001b7aa0e36cc sp=0x0000007c8a9fb320
Event: 0.363 Thread 0x000001b79ce2b4a0 DEOPT UNPACKING pc=0x000001b7a99b3aa2 sp=0x0000007c8a9fb298 mode 2
Event: 0.369 Thread 0x000001b79ce2b4a0 Uncommon trap: trap_request=0xffffff45 fr.pc=0x000001b7aa0df0ec relative=0x000000000000014c
Event: 0.369 Thread 0x000001b79ce2b4a0 Uncommon trap: reason=unstable_if action=reinterpret pc=0x000001b7aa0df0ec method=jdk.internal.util.ArraysSupport.vectorizedHashCode(Ljava/lang/Object;IIII)I @ 2 c2
Event: 0.369 Thread 0x000001b79ce2b4a0 DEOPT PACKING pc=0x000001b7aa0df0ec sp=0x0000007c8a9fcd90
Event: 0.369 Thread 0x000001b79ce2b4a0 DEOPT UNPACKING pc=0x000001b7a99b3aa2 sp=0x0000007c8a9fcd40 mode 2
Event: 0.377 Thread 0x000001b79ce2b4a0 Uncommon trap: trap_request=0xffffff45 fr.pc=0x000001b7aa0d0ff4 relative=0x00000000000000d4
Event: 0.377 Thread 0x000001b79ce2b4a0 Uncommon trap: reason=unstable_if action=reinterpret pc=0x000001b7aa0d0ff4 method=java.net.URI.match(CJJ)Z @ 45 c2
Event: 0.377 Thread 0x000001b79ce2b4a0 DEOPT PACKING pc=0x000001b7aa0d0ff4 sp=0x0000007c8a9fcf10
Event: 0.377 Thread 0x000001b79ce2b4a0 DEOPT UNPACKING pc=0x000001b7a99b3aa2 sp=0x0000007c8a9fce78 mode 2

Classes loaded (20 events):
Event: 0.386 Loading class java/security/spec/ECFieldFp
Event: 0.387 Loading class java/security/spec/ECField
Event: 0.387 Loading class java/security/spec/ECField done
Event: 0.387 Loading class java/security/spec/ECFieldFp done
Event: 0.387 Loading class java/security/spec/EllipticCurve
Event: 0.387 Loading class java/security/spec/EllipticCurve done
Event: 0.387 Loading class java/security/spec/ECPoint
Event: 0.387 Loading class java/security/spec/ECPoint done
Event: 0.387 Loading class sun/security/util/NamedCurve
Event: 0.387 Loading class java/security/spec/ECParameterSpec
Event: 0.387 Loading class java/security/spec/ECParameterSpec done
Event: 0.387 Loading class sun/security/util/NamedCurve done
Event: 0.389 Loading class java/security/spec/ECFieldF2m
Event: 0.389 Loading class java/security/spec/ECFieldF2m done
Event: 0.394 Loading class java/util/LinkedHashMap$LinkedValues
Event: 0.394 Loading class java/util/LinkedHashMap$LinkedValues done
Event: 0.394 Loading class java/util/StringTokenizer
Event: 0.394 Loading class java/util/StringTokenizer done
Event: 0.394 Loading class sun/security/util/DisabledAlgorithmConstraints$KeySizeConstraint
Event: 0.395 Loading class sun/security/util/DisabledAlgorithmConstraints$Constraint

Classes unloaded (0 events):
No events

Classes redefined (0 events):
No events

Internal exceptions (12 events):
Event: 0.054 Thread 0x000001b79ce2b4a0 Exception <a 'java/lang/NoSuchMethodError'{0x00000000d57ac398}: 'void java.lang.invoke.DirectMethodHandle$Holder.invokeStatic(java.lang.Object, java.lang.Object, java.lang.Object)'> (0x00000000d57ac398) 
thrown [s\src\hotspot\share\interpreter\linkResolver.cpp, line 773]
Event: 0.101 Thread 0x000001b79ce2b4a0 Exception <a 'java/lang/NoSuchMethodError'{0x00000000d5a16658}: 'java.lang.Object java.lang.invoke.Invokers$Holder.invokeExact_MT(java.lang.Object, java.lang.Object, java.lang.Object, java.lang.Object, java.lang.Object)'> (0x00000000d5a16658) 
thrown [s\src\hotspot\share\interpreter\linkResolver.cpp, line 773]
Event: 0.140 Thread 0x000001b79ce2b4a0 Exception <a 'java/lang/NoSuchMethodError'{0x00000000d5acfde8}: 'int java.lang.invoke.DirectMethodHandle$Holder.invokeSpecial(java.lang.Object, java.lang.Object, java.lang.Object, int)'> (0x00000000d5acfde8) 
thrown [s\src\hotspot\share\interpreter\linkResolver.cpp, line 773]
Event: 0.143 Thread 0x000001b79ce2b4a0 Exception <a 'java/lang/NoSuchMethodError'{0x00000000d5ae27d0}: 'java.lang.Object java.lang.invoke.DirectMethodHandle$Holder.invokeStatic(java.lang.Object, java.lang.Object, java.lang.Object, java.lang.Object, int)'> (0x00000000d5ae27d0) 
thrown [s\src\hotspot\share\interpreter\linkResolver.cpp, line 773]
Event: 0.145 Thread 0x000001b79ce2b4a0 Exception <a 'java/lang/NoSuchMethodError'{0x00000000d5aedc10}: 'void java.lang.invoke.DelegatingMethodHandle$Holder.reinvoke_L(java.lang.Object, java.lang.Object, java.lang.Object, int, java.lang.Object)'> (0x00000000d5aedc10) 
thrown [s\src\hotspot\share\interpreter\linkResolver.cpp, line 773]
Event: 0.149 Thread 0x000001b79ce2b4a0 Exception <a 'java/lang/NoSuchMethodError'{0x00000000d5afe560}: 'int java.lang.invoke.DirectMethodHandle$Holder.invokeSpecial(java.lang.Object, java.lang.Object, java.lang.Object)'> (0x00000000d5afe560) 
thrown [s\src\hotspot\share\interpreter\linkResolver.cpp, line 773]
Event: 0.151 Thread 0x000001b79ce2b4a0 Exception <a 'java/lang/NoSuchMethodError'{0x00000000d5b0a220}: 'java.lang.Object java.lang.invoke.DirectMethodHandle$Holder.invokeStatic(java.lang.Object, java.lang.Object, int)'> (0x00000000d5b0a220) 
thrown [s\src\hotspot\share\interpreter\linkResolver.cpp, line 773]
Event: 0.151 Thread 0x000001b79ce2b4a0 Exception <a 'java/lang/NoSuchMethodError'{0x00000000d5b0eb70}: 'void java.lang.invoke.DirectMethodHandle$Holder.invokeStatic(java.lang.Object, java.lang.Object, int, java.lang.Object)'> (0x00000000d5b0eb70) 
thrown [s\src\hotspot\share\interpreter\linkResolver.cpp, line 773]
Event: 0.152 Thread 0x000001b79ce2b4a0 Exception <a 'java/lang/NoSuchMethodError'{0x00000000d5b92a98}: 'void java.lang.invoke.DirectMethodHandle$Holder.invokeSpecial(java.lang.Object, java.lang.Object, java.lang.Object, int, java.lang.Object)'> (0x00000000d5b92a98) 
thrown [s\src\hotspot\share\interpreter\linkResolver.cpp, line 773]
Event: 0.152 Thread 0x000001b79ce2b4a0 Exception <a 'java/lang/NoSuchMethodError'{0x00000000d5b95f08}: 'void java.lang.invoke.DelegatingMethodHandle$Holder.delegate(java.lang.Object, java.lang.Object, int, java.lang.Object)'> (0x00000000d5b95f08) 
thrown [s\src\hotspot\share\interpreter\linkResolver.cpp, line 773]
Event: 0.226 Thread 0x000001b79ce2b4a0 Exception <a 'java/lang/NoSuchMethodError'{0x00000000d5d56418}: 'void java.lang.invoke.DelegatingMethodHandle$Holder.reinvoke_L(java.lang.Object, java.lang.Object, java.lang.Object, int)'> (0x00000000d5d56418) 
thrown [s\src\hotspot\share\interpreter\linkResolver.cpp, line 773]
Event: 0.363 Thread 0x000001b79ce2b4a0 Exception <a 'java/lang/NoSuchMethodError'{0x00000000d61def38}: 'void java.lang.invoke.DirectMethodHandle$Holder.invokeVirtual(java.lang.Object, java.lang.Object)'> (0x00000000d61def38) 
thrown [s\src\hotspot\share\interpreter\linkResolver.cpp, line 773]

ZGC Phase Switch (0 events):
No events

VM Operations (2 events):
Event: 0.118 Executing non-safepoint VM operation: HandshakeAllThreads (Deoptimize)
Event: 0.118 Executing non-safepoint VM operation: HandshakeAllThreads (Deoptimize) done

Memory protections (0 events):
No events

Nmethod flushes (0 events):
No events

Events (16 events):
Event: 0.020 Thread 0x000001b79ce2b4a0 Thread added: 0x000001b79ce2b4a0
Event: 0.033 Thread 0x000001b79ce2b4a0 Thread added: 0x000001b79f2be030
Event: 0.033 Thread 0x000001b79ce2b4a0 Thread added: 0x000001b79f3b1fd0
Event: 0.033 Thread 0x000001b79ce2b4a0 Thread added: 0x000001b79f3baeb0
Event: 0.033 Thread 0x000001b79ce2b4a0 Thread added: 0x000001b79f3bbb70
Event: 0.033 Thread 0x000001b79ce2b4a0 Thread added: 0x000001b79f3be3d0
Event: 0.033 Thread 0x000001b79ce2b4a0 Thread added: 0x000001b7f818cf70
Event: 0.034 Thread 0x000001b79ce2b4a0 Thread added: 0x000001b79f3cbd00
Event: 0.034 Thread 0x000001b79ce2b4a0 Thread added: 0x000001b79f3cdea0
Event: 0.056 Thread 0x000001b79f3cdea0 Thread added: 0x000001b7f82a3350
Event: 0.056 Thread 0x000001b79f3cdea0 Thread added: 0x000001b7f82a3a00
Event: 0.056 Thread 0x000001b79f3cdea0 Thread added: 0x000001b7f82a59d0
Event: 0.063 Thread 0x000001b7f82a3a00 Thread added: 0x000001b7f82abea0
Event: 0.063 Thread 0x000001b7f82a3350 Thread added: 0x000001b7f8306880
Event: 0.080 Thread 0x000001b79ce2b4a0 Thread added: 0x000001b7f840b860
Event: 0.317 Thread 0x000001b79ce2b4a0 Thread added: 0x000001b7fe03c100


Dynamic libraries:
0x00007ff786010000 - 0x00007ff78601e000 	c:\Users\win11\.antigravity\extensions\redhat.java-1.53.0-win32-x64\jre\21.0.10-win32-x86_64\bin\java.exe
0x00007ff8f3620000 - 0x00007ff8f3887000 	C:\WINDOWS\SYSTEM32\ntdll.dll
0x00007ff8f28c0000 - 0x00007ff8f2989000 	C:\WINDOWS\System32\KERNEL32.DLL
0x00007ff8f0030000 - 0x00007ff8f0424000 	C:\WINDOWS\System32\KERNELBASE.dll
0x00007ff8f0430000 - 0x00007ff8f057b000 	C:\WINDOWS\System32\ucrtbase.dll
0x00007ff8c6bf0000 - 0x00007ff8c6c08000 	c:\Users\win11\.antigravity\extensions\redhat.java-1.53.0-win32-x64\jre\21.0.10-win32-x86_64\bin\jli.dll
0x00007ff8c7190000 - 0x00007ff8c71ae000 	c:\Users\win11\.antigravity\extensions\redhat.java-1.53.0-win32-x64\jre\21.0.10-win32-x86_64\bin\VCRUNTIME140.dll
0x00007ff8f26e0000 - 0x00007ff8f28a5000 	C:\WINDOWS\System32\USER32.dll
0x00007ff8f0610000 - 0x00007ff8f0637000 	C:\WINDOWS\System32\win32u.dll
0x00007ff8d1d40000 - 0x00007ff8d1fd3000 	C:\WINDOWS\WinSxS\amd64_microsoft.windows.common-controls_6595b64144ccf1df_6.0.26100.8115_none_3e075c82e3354f9c\COMCTL32.dll
0x00007ff8f2630000 - 0x00007ff8f26d9000 	C:\WINDOWS\System32\msvcrt.dll
0x00007ff8f34e0000 - 0x00007ff8f350b000 	C:\WINDOWS\System32\GDI32.dll
0x00007ff8f11a0000 - 0x00007ff8f12cb000 	C:\WINDOWS\System32\gdi32full.dll
0x00007ff8f07c0000 - 0x00007ff8f0863000 	C:\WINDOWS\System32\msvcp_win.dll
0x00007ff8f2490000 - 0x00007ff8f24c2000 	C:\WINDOWS\System32\IMM32.DLL
0x00007ff8e2cb0000 - 0x00007ff8e2cbc000 	c:\Users\win11\.antigravity\extensions\redhat.java-1.53.0-win32-x64\jre\21.0.10-win32-x86_64\bin\vcruntime140_1.dll
0x00007ff82a0b0000 - 0x00007ff82a13d000 	c:\Users\win11\.antigravity\extensions\redhat.java-1.53.0-win32-x64\jre\21.0.10-win32-x86_64\bin\msvcp140.dll
0x00007ff803d50000 - 0x00007ff804af1000 	c:\Users\win11\.antigravity\extensions\redhat.java-1.53.0-win32-x64\jre\21.0.10-win32-x86_64\bin\server\jvm.dll
0x00007ff8f2230000 - 0x00007ff8f22e6000 	C:\WINDOWS\System32\ADVAPI32.dll
0x00007ff8f1620000 - 0x00007ff8f16c7000 	C:\WINDOWS\System32\sechost.dll
0x00007ff8f3340000 - 0x00007ff8f3458000 	C:\WINDOWS\System32\RPCRT4.dll
0x00007ff8f21a0000 - 0x00007ff8f2220000 	C:\WINDOWS\System32\WS2_32.dll
0x00007ff8e3760000 - 0x00007ff8e376b000 	C:\WINDOWS\SYSTEM32\VERSION.dll
0x00007ff8df650000 - 0x00007ff8df686000 	C:\WINDOWS\SYSTEM32\WINMM.dll
0x00007ff8ef720000 - 0x00007ff8ef77e000 	C:\WINDOWS\SYSTEM32\POWRPROF.dll
0x00007ff8ef700000 - 0x00007ff8ef714000 	C:\WINDOWS\SYSTEM32\UMPDC.dll
0x00007ff8eec50000 - 0x00007ff8eec6b000 	C:\WINDOWS\SYSTEM32\kernel.appcore.dll
0x00007ff8e2c80000 - 0x00007ff8e2c8a000 	c:\Users\win11\.antigravity\extensions\redhat.java-1.53.0-win32-x64\jre\21.0.10-win32-x86_64\bin\jimage.dll
0x00007ff8edee0000 - 0x00007ff8ee122000 	C:\WINDOWS\SYSTEM32\DBGHELP.DLL
0x00007ff8f1e10000 - 0x00007ff8f2192000 	C:\WINDOWS\System32\combase.dll
0x00007ff8f1380000 - 0x00007ff8f1458000 	C:\WINDOWS\System32\OLEAUT32.dll
0x00007ff8e6120000 - 0x00007ff8e615b000 	C:\WINDOWS\SYSTEM32\dbgcore.DLL
0x00007ff8f12d0000 - 0x00007ff8f1375000 	C:\WINDOWS\System32\bcryptPrimitives.dll
0x00007ff8e1950000 - 0x00007ff8e195f000 	c:\Users\win11\.antigravity\extensions\redhat.java-1.53.0-win32-x64\jre\21.0.10-win32-x86_64\bin\instrument.dll
0x00007ff8c1600000 - 0x00007ff8c1620000 	c:\Users\win11\.antigravity\extensions\redhat.java-1.53.0-win32-x64\jre\21.0.10-win32-x86_64\bin\java.dll
0x00007ff8f2af0000 - 0x00007ff8f3257000 	C:\WINDOWS\System32\SHELL32.dll
0x00007ff8efec0000 - 0x00007ff8f002a000 	C:\WINDOWS\System32\wintypes.dll
0x00007ff8f0870000 - 0x00007ff8f10d8000 	C:\WINDOWS\System32\windows.storage.dll
0x00007ff8f1520000 - 0x00007ff8f1618000 	C:\WINDOWS\System32\SHCORE.dll
0x00007ff8f3280000 - 0x00007ff8f32e6000 	C:\WINDOWS\System32\shlwapi.dll
0x00007ff8efde0000 - 0x00007ff8efe09000 	C:\WINDOWS\SYSTEM32\profapi.dll
0x00007ff8c14f0000 - 0x00007ff8c1508000 	c:\Users\win11\.antigravity\extensions\redhat.java-1.53.0-win32-x64\jre\21.0.10-win32-x86_64\bin\zip.dll
0x00007ff8e26f0000 - 0x00007ff8e2700000 	C:\Users\win11\.antigravity\extensions\redhat.java-1.53.0-win32-x64\jre\21.0.10-win32-x86_64\bin\net.dll
0x00007ff8e91b0000 - 0x00007ff8e92dd000 	C:\WINDOWS\SYSTEM32\WINHTTP.dll
0x00007ff8ef1c0000 - 0x00007ff8ef22c000 	C:\WINDOWS\system32\mswsock.dll
0x00007ff8bbd90000 - 0x00007ff8bbda6000 	C:\Users\win11\.antigravity\extensions\redhat.java-1.53.0-win32-x64\jre\21.0.10-win32-x86_64\bin\nio.dll
0x00007ff8e1410000 - 0x00007ff8e1420000 	c:\Users\win11\.antigravity\extensions\redhat.java-1.53.0-win32-x64\jre\21.0.10-win32-x86_64\bin\verify.dll

JVMTI agents:
c:\Users\win11\.antigravity\extensions\redhat.java-1.53.0-win32-x64\lombok\lombok-1.18.39-4050.jar path:c:\Users\win11\.antigravity\extensions\redhat.java-1.53.0-win32-x64\jre\21.0.10-win32-x86_64\bin\instrument.dll, loaded, initialized, instrumentlib options:none

dbghelp: loaded successfully - version: 4.0.5 - missing functions: none
symbol engine: initialized successfully - sym options: 0x614 - pdb path: .;c:\Users\win11\.antigravity\extensions\redhat.java-1.53.0-win32-x64\jre\21.0.10-win32-x86_64\bin;C:\WINDOWS\SYSTEM32;C:\WINDOWS\WinSxS\amd64_microsoft.windows.common-controls_6595b64144ccf1df_6.0.26100.8115_none_3e075c82e3354f9c;c:\Users\win11\.antigravity\extensions\redhat.java-1.53.0-win32-x64\jre\21.0.10-win32-x86_64\bin\server

VM Arguments:
jvm_args: --add-modules=ALL-SYSTEM --add-opens=java.base/java.util=ALL-UNNAMED --add-opens=java.base/java.lang=ALL-UNNAMED --add-opens=java.base/sun.nio.fs=ALL-UNNAMED -Declipse.application=org.eclipse.jdt.ls.core.id1 -Dosgi.bundles.defaultStartLevel=4 -Declipse.product=org.eclipse.jdt.ls.core.product -Djava.import.generatesMetadataFilesAtProjectRoot=false -DDetectVMInstallationsJob.disabled=true -Dfile.encoding=utf8 -XX:+UseParallelGC -XX:GCTimeRatio=4 -XX:AdaptiveSizePolicyWeight=90 -Dsun.zip.disableMemoryMapping=true -Xmx2G -Xms100m -Xlog:disable -javaagent:c:\Users\win11\.antigravity\extensions\redhat.java-1.53.0-win32-x64\lombok\lombok-1.18.39-4050.jar -XX:+HeapDumpOnOutOfMemoryError -XX:HeapDumpPath=c:\Users\win11\AppData\Roaming\Antigravity\User\workspaceStorage\038fb1986a159944be3a2768635ce611\redhat.java -Daether.dependencyCollector.impl=bf 
java_command: c:\Users\win11\.antigravity\extensions\redhat.java-1.53.0-win32-x64\server\plugins\org.eclipse.equinox.launcher_1.7.100.v20251111-0406.jar -configuration c:\Users\win11\AppData\Roaming\Antigravity\User\globalStorage\redhat.java\1.53.0\config_win -data c:\Users\win11\AppData\Roaming\Antigravity\User\workspaceStorage\038fb1986a159944be3a2768635ce611\redhat.java\jdt_ws --pipe=\\.\pipe\lsp-a4b917e137b5e807601d1c311347c1a9-sock
java_class_path (initial): c:\Users\win11\.antigravity\extensions\redhat.java-1.53.0-win32-x64\server\plugins\org.eclipse.equinox.launcher_1.7.100.v20251111-0406.jar
Launcher Type: SUN_STANDARD

[Global flags]
    uintx AdaptiveSizePolicyWeight                 = 90                                        {product} {command line}
     intx CICompilerCount                          = 12                                        {product} {ergonomic}
    uintx GCTimeRatio                              = 4                                         {product} {command line}
     bool HeapDumpOnOutOfMemoryError               = true                                   {manageable} {command line}
    ccstr HeapDumpPath                             = c:\Users\win11\AppData\Roaming\Antigravity\User\workspaceStorage\038fb1986a159944be3a2768635ce611\redhat.java         {manageable} {command line}
   size_t InitialHeapSize                          = 104857600                                 {product} {command line}
   size_t MaxHeapSize                              = 2147483648                                {product} {command line}
   size_t MaxNewSize                               = 715653120                                 {product} {ergonomic}
   size_t MinHeapDeltaBytes                        = 524288                                    {product} {ergonomic}
   size_t MinHeapSize                              = 104857600                                 {product} {command line}
   size_t NewSize                                  = 34603008                                  {product} {ergonomic}
    uintx NonNMethodCodeHeapSize                   = 7602480                                {pd product} {ergonomic}
    uintx NonProfiledCodeHeapSize                  = 122027880                              {pd product} {ergonomic}
   size_t OldSize                                  = 70254592                                  {product} {ergonomic}
    uintx ProfiledCodeHeapSize                     = 122027880                              {pd product} {ergonomic}
    uintx ReservedCodeCacheSize                    = 251658240                              {pd product} {ergonomic}
     bool SegmentedCodeCache                       = true                                      {product} {ergonomic}
   size_t SoftMaxHeapSize                          = 2147483648                             {manageable} {ergonomic}
     bool UseCompressedOops                        = true                           {product lp64_product} {ergonomic}
     bool UseLargePagesIndividualAllocation        = false                                  {pd product} {ergonomic}
     bool UseParallelGC                            = true                                      {product} {command line}

Logging:
Log output configuration:
 #0: stdout all=off uptime,level,tags foldmultilines=false
 #1: stderr all=off uptime,level,tags foldmultilines=false

Release file:
<release file has not been read>
Environment Variables:
PATH=D:\VMware\bin\;C:\Program Files\Common Files\Oracle\Java\javapath;C:\Windows\system32;C:\Windows;C:\Windows\System32\Wbem;C:\Windows\System32\WindowsPowerShell\v1.0\;C:\Windows\System32\OpenSSH\;C:\Program Files (x86)\NVIDIA Corporation\PhysX\Common;C:\Program Files (x86)\Microsoft SQL Server\160\Tools\Binn\;C:\Program Files\Microsoft SQL Server\160\Tools\Binn\;C:\Program Files\Microsoft SQL Server\Client SDK\ODBC\170\Tools\Binn\;C:\Program Files\Microsoft SQL Server\160\DTS\Binn\;C:\Program Files (x86)\Microsoft SQL Server\160\DTS\Binn\;C:\Program Files\Microsoft SQL Server\150\Tools\Binn\;C:\WINDOWS\system32;C:\WINDOWS;C:\WINDOWS\System32\Wbem;C:\WINDOWS\System32\WindowsPowerShell\v1.0\;C:\WINDOWS\System32\OpenSSH\;C:\Program Files\Microsoft SQL Server\130\Tools\Binn\;C:\Program Files\Git\cmd;C:\Program Files\dotnet\;C:\Program Files\nodejs\;C:\Program Files\NVIDIA Corporation\NVIDIA App\NvDLISR;C:\Users\win11\AppData\Local\Programs\Python\Python312\Scripts\;C:\Users\win11\AppData\Local\Programs\Python\Python312\;C:\Program Files\Common Files\Oracle\Java\javapath;C:\Windows\system32;C:\Windows;C:\Windows\System32\Wbem;C:\Windows\System32\WindowsPowerShell\v1.0\;C:\Windows\System32\OpenSSH\;C:\Program Files (x86)\NVIDIA Corporation\PhysX\Common;C:\Program Files\NVIDIA Corporation\NVIDIA NvDLISR;C:\Program Files (x86)\Microsoft SQL Server\160\Tools\Binn\;C:\Program Files\Microsoft SQL Server\160\Tools\Binn\;C:\Program Files\Microsoft SQL Server\Client SDK\ODBC\170\Tools\Binn\;C:\Program Files\Microsoft SQL Server\160\DTS\Binn\;C:\Program Files (x86)\Microsoft SQL Server\160\DTS\Binn\;C:\Program Files\Microsoft SQL Server\150\Tools\Binn\;C:\WINDOWS\system32;C:\WINDOWS;C:\WINDOWS\System32\Wbem;C:\WINDOWS\System32\WindowsPowerShell\v1.0\;C:\WINDOWS\System32\OpenSSH\;C:\Program Files\Microsoft SQL Server\130\Tools\Binn\;C:\Program Files\Git\cmd;C:\Users\win11\flutterpath\flutter\bin;C:\Users\win11\AppData\Local\Microsoft\WindowsApps;C:\Users\win11\AppData\Local\GitHubDesktop\bin;C:\Users\win11\AppData\Local\Programs\cursor\resources\app\bin;C:\Users\win11\AppData\Local\Android\Sdk\cmdline-tools\latest\bin;C:\Users\win11\AppData\Local\Programs\Microsoft VS Code\bin;C:\Users\win11\.dotnet\tools;C:\Users\win11\AppData\Local\Programs\Antigravity\bin;C:\Users\win11\AppData\Roaming\npm
USERNAME=win11
OS=Windows_NT
PROCESSOR_IDENTIFIER=Intel64 Family 6 Model 154 Stepping 3, GenuineIntel
TMP=C:\Users\win11\AppData\Local\Temp
TEMP=C:\Users\win11\AppData\Local\Temp




Periodic native trim disabled

---------------  S Y S T E M  ---------------

OS:
 Windows 11 , 64 bit Build 26100 (10.0.26100.8246)
OS uptime: 0 days 7:36 hours
Hyper-V role detected

CPU: total 16 (initial active 16) (8 cores per cpu, 2 threads per core) family 6 model 154 stepping 3 microcode 0x435, cx8, cmov, fxsr, ht, mmx, 3dnowpref, sse, sse2, sse3, ssse3, sse4.1, sse4.2, popcnt, lzcnt, tsc, tscinvbit, avx, avx2, aes, erms, clmul, bmi1, bmi2, adx, sha, fma, vzeroupper, clflush, clflushopt, clwb, hv, serialize, rdtscp, rdpid, fsrm, f16c, cet_ibt, cet_ss
Processor Information for processor 0
  Max Mhz: 2500, Current Mhz: 2500, Mhz Limit: 2500
Processor Information for processor 1
  Max Mhz: 2500, Current Mhz: 2500, Mhz Limit: 2500
Processor Information for processor 2
  Max Mhz: 2500, Current Mhz: 2500, Mhz Limit: 2500
Processor Information for processor 3
  Max Mhz: 2500, Current Mhz: 2500, Mhz Limit: 2500
Processor Information for processor 4
  Max Mhz: 2500, Current Mhz: 2500, Mhz Limit: 2500
Processor Information for processor 5
  Max Mhz: 2500, Current Mhz: 2500, Mhz Limit: 2500
Processor Information for processor 6
  Max Mhz: 2500, Current Mhz: 2500, Mhz Limit: 2500
Processor Information for processor 7
  Max Mhz: 2500, Current Mhz: 2500, Mhz Limit: 2500
Processor Information for processor 8
  Max Mhz: 2500, Current Mhz: 1800, Mhz Limit: 1800
Processor Information for processor 9
  Max Mhz: 2500, Current Mhz: 1800, Mhz Limit: 1800
Processor Information for processor 10
  Max Mhz: 2500, Current Mhz: 1500, Mhz Limit: 1800
Processor Information for processor 11
  Max Mhz: 2500, Current Mhz: 1800, Mhz Limit: 1800
Processor Information for processor 12
  Max Mhz: 2500, Current Mhz: 1800, Mhz Limit: 1800
Processor Information for processor 13
  Max Mhz: 2500, Current Mhz: 1500, Mhz Limit: 1800
Processor Information for processor 14
  Max Mhz: 2500, Current Mhz: 1800, Mhz Limit: 1800
Processor Information for processor 15
  Max Mhz: 2500, Current Mhz: 1800, Mhz Limit: 1800

Memory: 4k page, system-wide physical 16109M (2349M free)
TotalPageFile size 19907M (AvailPageFile size 33M)
current process WorkingSet (physical memory assigned to process): 56M, peak: 57M
current process commit charge ("private bytes"): 244M, peak: 245M

vm_info: OpenJDK 64-Bit Server VM (21.0.10+7-LTS) for windows-amd64 JRE (21.0.10+7-LTS), built on 2026-01-20T00:00:00Z by "admin" with MS VC++ 17.12 (VS2022)

END.
