#
# There is insufficient memory for the Java Runtime Environment to continue.
# Native memory allocation (malloc) failed to allocate 45376 bytes. Error detail: Chunk::new
# Possible reasons:
#   The system is out of physical RAM or swap space
#   This process is running with CompressedOops enabled, and the Java Heap may be blocking the growth of the native heap
# Possible solutions:
#   Reduce memory load on the system
#   Increase physical memory or swap space
#   Check if swap backing store is full
#   Decrease Java heap size (-Xmx/-Xms)
#   Decrease number of Java threads
#   Decrease Java thread stack sizes (-Xss)
#   Set larger code cache with -XX:ReservedCodeCacheSize=
#   JVM is running with Unscaled Compressed Oops mode in which the Java heap is
#     placed in the first 4GB address space. The Java Heap base address is the
#     maximum limit for the native heap growth. Please use -XX:HeapBaseMinAddress
#     to set the Java Heap base and to place the Java Heap above 4GB virtual address.
# This output file may be truncated or incomplete.
#
#  Out of Memory Error (arena.cpp:168), pid=17916, tid=15104
#
# JRE version: OpenJDK Runtime Environment Temurin-21.0.10+7 (21.0.10+7) (build 21.0.10+7-LTS)
# Java VM: OpenJDK 64-Bit Server VM Temurin-21.0.10+7 (21.0.10+7-LTS, mixed mode, sharing, tiered, compressed oops, compressed class ptrs, parallel gc, windows-amd64)
# No core dump will be written. Minidumps are not enabled by default on client versions of Windows
#

---------------  S U M M A R Y ------------

Command Line: --add-modules=ALL-SYSTEM --add-opens=java.base/java.util=ALL-UNNAMED --add-opens=java.base/java.lang=ALL-UNNAMED --add-opens=java.base/sun.nio.fs=ALL-UNNAMED -Declipse.application=org.eclipse.jdt.ls.core.id1 -Dosgi.bundles.defaultStartLevel=4 -Declipse.product=org.eclipse.jdt.ls.core.product -Djava.import.generatesMetadataFilesAtProjectRoot=false -DDetectVMInstallationsJob.disabled=true -Dfile.encoding=utf8 -XX:+UseParallelGC -XX:GCTimeRatio=4 -XX:AdaptiveSizePolicyWeight=90 -Dsun.zip.disableMemoryMapping=true -Xmx2G -Xms100m -Xlog:disable -javaagent:c:\Users\win11\.antigravity\extensions\redhat.java-1.53.0-win32-x64\lombok\lombok-1.18.39-4050.jar c:\Users\win11\.antigravity\extensions\redhat.java-1.53.0-win32-x64\server\plugins\org.eclipse.equinox.launcher_1.7.100.v20251111-0406.jar -configuration c:\Users\win11\AppData\Roaming\Antigravity\User\globalStorage\redhat.java\1.53.0\config_ss_win -data c:\Users\win11\AppData\Roaming\Antigravity\User\workspaceStorage\038fb1986a159944be3a2768635ce611\redhat.java\ss_ws --pipe=\\.\pipe\lsp-195362df3338ec5b785e3f77592cd588-sock

Host: 12th Gen Intel(R) Core(TM) i5-12500H, 16 cores, 15G,  Windows 11 , 64 bit Build 26100 (10.0.26100.8246)
Time: Tue Apr 21 01:25:14 2026 Türkiye Standart Saati elapsed time: 0.565326 seconds (0d 0h 0m 0s)

---------------  T H R E A D  ---------------

Current thread (0x000001ff9504d710):  JavaThread "C2 CompilerThread1" daemon [_thread_in_native, id=15104, stack(0x0000006ec9600000,0x0000006ec9700000) (1024K)]


Current CompileTask:
C2:565  889       4       java.util.concurrent.ConcurrentHashMap::get (162 bytes)

Stack: [0x0000006ec9600000,0x0000006ec9700000]
Native frames: (J=compiled Java code, j=interpreted, Vv=VM code, C=native code)
V  [jvm.dll+0x6d7a39]
V  [jvm.dll+0x8b4b26]
V  [jvm.dll+0x8b70de]
V  [jvm.dll+0x8b77c3]
V  [jvm.dll+0x284346]
V  [jvm.dll+0xc66ed]
V  [jvm.dll+0xc6c31]
V  [jvm.dll+0x2fb29e]
V  [jvm.dll+0x5fe884]
V  [jvm.dll+0x255b17]
V  [jvm.dll+0x24df54]
V  [jvm.dll+0x24ba42]
V  [jvm.dll+0x1cb34e]
V  [jvm.dll+0x25b85d]
V  [jvm.dll+0x259dea]
V  [jvm.dll+0x3f857e]
V  [jvm.dll+0x85f59d]
V  [jvm.dll+0x6d626d]
C  [ucrtbase.dll+0x37b0]
C  [KERNEL32.DLL+0x2e8d7]
C  [ntdll.dll+0x8c3fc]


---------------  P R O C E S S  ---------------

Threads class SMR info:
_java_thread_list=0x000001ff9500aab0, length=15, elements={
0x000001ff3692e3f0, 0x000001ff8e1fc480, 0x000001ff369d3fe0, 0x000001ff369d8220,
0x000001ff369dbf20, 0x000001ff369df040, 0x000001ff369e50e0, 0x000001ff369e9380,
0x000001ff369edb40, 0x000001ff8f7ad4f0, 0x000001ff8f7aeeb0, 0x000001ff8f890a40,
0x000001ff8fa045e0, 0x000001ff9504d710, 0x000001ff9504ddc0
}

Java Threads: ( => current thread )
  0x000001ff3692e3f0 JavaThread "main"                              [_thread_in_vm, id=25568, stack(0x0000006ec8600000,0x0000006ec8700000) (1024K)]
  0x000001ff8e1fc480 JavaThread "Reference Handler"          daemon [_thread_blocked, id=25056, stack(0x0000006ec8a00000,0x0000006ec8b00000) (1024K)]
  0x000001ff369d3fe0 JavaThread "Finalizer"                  daemon [_thread_blocked, id=12172, stack(0x0000006ec8b00000,0x0000006ec8c00000) (1024K)]
  0x000001ff369d8220 JavaThread "Signal Dispatcher"          daemon [_thread_blocked, id=16048, stack(0x0000006ec8c00000,0x0000006ec8d00000) (1024K)]
  0x000001ff369dbf20 JavaThread "Attach Listener"            daemon [_thread_blocked, id=25012, stack(0x0000006ec8d00000,0x0000006ec8e00000) (1024K)]
  0x000001ff369df040 JavaThread "Service Thread"             daemon [_thread_blocked, id=30452, stack(0x0000006ec8e00000,0x0000006ec8f00000) (1024K)]
  0x000001ff369e50e0 JavaThread "Monitor Deflation Thread"   daemon [_thread_blocked, id=22716, stack(0x0000006ec8f00000,0x0000006ec9000000) (1024K)]
  0x000001ff369e9380 JavaThread "C2 CompilerThread0"         daemon [_thread_in_native, id=29000, stack(0x0000006ec9000000,0x0000006ec9100000) (1024K)]
  0x000001ff369edb40 JavaThread "C1 CompilerThread0"         daemon [_thread_blocked, id=28344, stack(0x0000006ec9100000,0x0000006ec9200000) (1024K)]
  0x000001ff8f7ad4f0 JavaThread "C1 CompilerThread1"         daemon [_thread_blocked, id=28220, stack(0x0000006ec9200000,0x0000006ec9300000) (1024K)]
  0x000001ff8f7aeeb0 JavaThread "C1 CompilerThread2"         daemon [_thread_blocked, id=20808, stack(0x0000006ec9300000,0x0000006ec9400000) (1024K)]
  0x000001ff8f890a40 JavaThread "Common-Cleaner"             daemon [_thread_blocked, id=23484, stack(0x0000006ec9400000,0x0000006ec9500000) (1024K)]
  0x000001ff8fa045e0 JavaThread "Notification Thread"        daemon [_thread_blocked, id=10892, stack(0x0000006ec9500000,0x0000006ec9600000) (1024K)]
=>0x000001ff9504d710 JavaThread "C2 CompilerThread1"         daemon [_thread_in_native, id=15104, stack(0x0000006ec9600000,0x0000006ec9700000) (1024K)]
  0x000001ff9504ddc0 JavaThread "C2 CompilerThread2"         daemon [_thread_in_native, id=27092, stack(0x0000006ec9700000,0x0000006ec9800000) (1024K)]
Total: 15

Other Threads:
  0x000001ff8e1e2dc0 VMThread "VM Thread"                           [id=18292, stack(0x0000006ec8900000,0x0000006ec8a00000) (1024K)]
  0x000001ff8e0dca00 WatcherThread "VM Periodic Task Thread"        [id=13168, stack(0x0000006ec8800000,0x0000006ec8900000) (1024K)]
  0x000001ff3694cc30 WorkerThread "GC Thread#0"                     [id=28788, stack(0x0000006ec8700000,0x0000006ec8800000) (1024K)]
Total: 3

Threads with active compile tasks:
C2 CompilerThread0  589  935       4       java.lang.AbstractStringBuilder::append (77 bytes)
C2 CompilerThread1  589  889       4       java.util.concurrent.ConcurrentHashMap::get (162 bytes)
C2 CompilerThread2  589  855       4       lombok.patcher.PatchScript::classMatches (41 bytes)
Total: 3

VM state: not at safepoint (normal execution)

VM Mutex/Monitor currently owned by a thread:  ([mutex/lock_event])
[0x00007ff804a0e460] CodeCache_lock - owner thread: 0x0000000000000000

Heap address: 0x0000000080000000, size: 2048 MB, Compressed Oops mode: 32-bit

CDS archive(s) mapped at: [0x000001ff4d000000-0x000001ff4dba0000-0x000001ff4dba0000), size 12189696, SharedBaseAddress: 0x000001ff4d000000, ArchiveRelocationMode: 1.
Compressed class space mapped at: 0x000001ff4e000000-0x000001ff8e000000, reserved size: 1073741824
Narrow klass base: 0x000001ff4d000000, Narrow klass shift: 0, Narrow klass range: 0x100000000

GC Precious Log:
 CardTable entry size: 512
 CPUs: 16 total, 16 available
 Memory: 16109M
 Large Page Support: Disabled
 NUMA Support: Disabled
 Compressed Oops: Enabled (32-bit)
 Alignments: Space 512K, Generation 512K, Heap 2M
 Heap Min Capacity: 100M
 Heap Initial Capacity: 100M
 Heap Max Capacity: 2G
 Pre-touch: Disabled
 Parallel Workers: 13

Heap:
 PSYoungGen      total 29696K, used 18173K [0x00000000d5580000, 0x00000000d7680000, 0x0000000100000000)
  eden space 25600K, 70% used [0x00000000d5580000,0x00000000d673f5e8,0x00000000d6e80000)
  from space 4096K, 0% used [0x00000000d7280000,0x00000000d7280000,0x00000000d7680000)
  to   space 4096K, 0% used [0x00000000d6e80000,0x00000000d6e80000,0x00000000d7280000)
 ParOldGen       total 68608K, used 0K [0x0000000080000000, 0x0000000084300000, 0x00000000d5580000)
  object space 68608K, 0% used [0x0000000080000000,0x0000000080000000,0x0000000084300000)
 Metaspace       used 3391K, committed 3712K, reserved 1114112K
  class space    used 361K, committed 512K, reserved 1048576K

Card table byte_map: [0x000001ff361e0000,0x000001ff365f0000] _byte_map_base: 0x000001ff35de0000

Marking Bits: (ParMarkBitMap*) 0x00007ff804a13450
 Begin Bits: [0x000001ff48b30000, 0x000001ff4ab30000)
 End Bits:   [0x000001ff4ab30000, 0x000001ff4cb30000)

Polling page: 0x000001ff346e0000

Metaspace:

Usage:
  Non-class:      2.96 MB used.
      Class:    361.03 KB used.
       Both:      3.31 MB used.

Virtual space:
  Non-class space:       64.00 MB reserved,       3.12 MB (  5%) committed,  1 nodes.
      Class space:        1.00 GB reserved,     512.00 KB ( <1%) committed,  1 nodes.
             Both:        1.06 GB reserved,       3.62 MB ( <1%) committed. 

Chunk freelists:
   Non-Class:  11.47 MB
       Class:  15.49 MB
        Both:  26.96 MB

MaxMetaspaceSize: unlimited
CompressedClassSpaceSize: 1.00 GB
Initial GC threshold: 21.00 MB
Current GC threshold: 21.00 MB
CDS: on
 - commit_granule_bytes: 65536.
 - commit_granule_words: 8192.
 - virtual_space_node_default_size: 8388608.
 - enlarge_chunks_in_place: 1.
 - use_allocation_guard: 0.


Internal statistics:

num_allocs_failed_limit: 0.
num_arena_births: 168.
num_arena_deaths: 0.
num_vsnodes_births: 2.
num_vsnodes_deaths: 0.
num_space_committed: 58.
num_space_uncommitted: 0.
num_chunks_returned_to_freelist: 0.
num_chunks_taken_from_freelist: 210.
num_chunk_merges: 0.
num_chunk_splits: 138.
num_chunks_enlarged: 76.
num_inconsistent_stats: 0.

CodeHeap 'non-profiled nmethods': size=119168Kb used=358Kb max_used=358Kb free=118809Kb
 bounds [0x000001ff416d0000, 0x000001ff41940000, 0x000001ff48b30000]
CodeHeap 'profiled nmethods': size=119104Kb used=1456Kb max_used=1456Kb free=117647Kb
 bounds [0x000001ff39b30000, 0x000001ff39da0000, 0x000001ff40f80000]
CodeHeap 'non-nmethods': size=7488Kb used=2318Kb max_used=2336Kb free=5169Kb
 bounds [0x000001ff40f80000, 0x000001ff411f0000, 0x000001ff416d0000]
CodeCache: size=245760Kb, used=4132Kb, max_used=4150Kb, free=241625Kb
 total_blobs=1396, nmethods=945, adapters=356, full_count=0
Compilation: enabled, stopped_count=0, restarted_count=0

Compilation events (20 events):
Event: 0.551 Thread 0x000001ff369e9380 nmethod 866 0x000001ff41722210 code [0x000001ff417223a0, 0x000001ff41722458]
Event: 0.553 Thread 0x000001ff9504d710 nmethod 706 0x000001ff41722510 code [0x000001ff417227c0, 0x000001ff41723d78]
Event: 0.555 Thread 0x000001ff9504d710  880       4       jdk.internal.misc.Unsafe::allocateUninitializedArray (55 bytes)
Event: 0.555 Thread 0x000001ff8f7aeeb0  881       3       java.lang.StringConcatHelper::checkOverflow (17 bytes)
Event: 0.555 Thread 0x000001ff8f7ad4f0  882       3       java.lang.StringConcatHelper::stringOf (20 bytes)
Event: 0.555 Thread 0x000001ff369edb40  883       3       java.lang.StringConcatHelper::mix (27 bytes)
Event: 0.555 Thread 0x000001ff8f7aeeb0 nmethod 881 0x000001ff39c81090 code [0x000001ff39c81240, 0x000001ff39c81408]
Event: 0.555 Thread 0x000001ff8f7ad4f0 nmethod 882 0x000001ff39c81510 code [0x000001ff39c816c0, 0x000001ff39c818f0]
Event: 0.555 Thread 0x000001ff8f7aeeb0  884       3       java.lang.StringConcatHelper::prepend (37 bytes)
Event: 0.555 Thread 0x000001ff8f7ad4f0  885       3       java.lang.invoke.DirectMethodHandle::internalMemberName (8 bytes)
Event: 0.556 Thread 0x000001ff8f7ad4f0 nmethod 885 0x000001ff39c81990 code [0x000001ff39c81b40, 0x000001ff39c81d28]
Event: 0.556 Thread 0x000001ff369edb40 nmethod 883 0x000001ff39c81e10 code [0x000001ff39c81fe0, 0x000001ff39c823c0]
Event: 0.556 Thread 0x000001ff8f7aeeb0 nmethod 884 0x000001ff39c82590 code [0x000001ff39c82760, 0x000001ff39c82a20]
Event: 0.557 Thread 0x000001ff9504d710 nmethod 880 0x000001ff41724e90 code [0x000001ff41725020, 0x000001ff417251f0]
Event: 0.558 Thread 0x000001ff8f7aeeb0  887       3       jdk.internal.misc.Unsafe::getIntUnaligned (12 bytes)
Event: 0.558 Thread 0x000001ff8f7aeeb0 nmethod 887 0x000001ff39c82b90 code [0x000001ff39c82d40, 0x000001ff39c82f98]
Event: 0.558 Thread 0x000001ff369e9380  888       4       sun.security.provider.SHA2::implCompress0 (448 bytes)
Event: 0.560 Thread 0x000001ff9504d710  889       4       java.util.concurrent.ConcurrentHashMap::get (162 bytes)
Event: 0.561 Thread 0x000001ff369edb40  891       3       java.lang.invoke.MethodHandleNatives::refKindIsField (32 bytes)
Event: 0.561 Thread 0x000001ff369edb40 nmethod 891 0x000001ff39c83090 code [0x000001ff39c83220, 0x000001ff39c83370]

GC Heap History (0 events):
No events

Dll operation events (8 events):
Event: 0.012 Loaded shared library c:\Users\win11\.antigravity\extensions\redhat.java-1.53.0-win32-x64\jre\21.0.10-win32-x86_64\bin\java.dll
Event: 0.040 Loaded shared library c:\Users\win11\.antigravity\extensions\redhat.java-1.53.0-win32-x64\jre\21.0.10-win32-x86_64\bin\zip.dll
Event: 0.099 Loaded shared library C:\Users\win11\.antigravity\extensions\redhat.java-1.53.0-win32-x64\jre\21.0.10-win32-x86_64\bin\instrument.dll
Event: 0.106 Loaded shared library C:\Users\win11\.antigravity\extensions\redhat.java-1.53.0-win32-x64\jre\21.0.10-win32-x86_64\bin\net.dll
Event: 0.109 Loaded shared library C:\Users\win11\.antigravity\extensions\redhat.java-1.53.0-win32-x64\jre\21.0.10-win32-x86_64\bin\nio.dll
Event: 0.113 Loaded shared library C:\Users\win11\.antigravity\extensions\redhat.java-1.53.0-win32-x64\jre\21.0.10-win32-x86_64\bin\zip.dll
Event: 0.130 Loaded shared library C:\Users\win11\.antigravity\extensions\redhat.java-1.53.0-win32-x64\jre\21.0.10-win32-x86_64\bin\jimage.dll
Event: 0.218 Loaded shared library c:\Users\win11\.antigravity\extensions\redhat.java-1.53.0-win32-x64\jre\21.0.10-win32-x86_64\bin\verify.dll

Deoptimization events (20 events):
Event: 0.478 Thread 0x000001ff3692e3f0 DEOPT PACKING pc=0x000001ff417005d0 sp=0x0000006ec86fdac0
Event: 0.478 Thread 0x000001ff3692e3f0 DEOPT UNPACKING pc=0x000001ff40fd3aa2 sp=0x0000006ec86fda50 mode 2
Event: 0.480 Thread 0x000001ff3692e3f0 Uncommon trap: trap_request=0xffffff6e fr.pc=0x000001ff41711f1c relative=0x00000000000001fc
Event: 0.480 Thread 0x000001ff3692e3f0 Uncommon trap: reason=loop_limit_check action=maybe_recompile pc=0x000001ff41711f1c method=java.math.BigInteger.implMulAdd([I[IIII)I @ 26 c2
Event: 0.480 Thread 0x000001ff3692e3f0 DEOPT PACKING pc=0x000001ff41711f1c sp=0x0000006ec86fd470
Event: 0.480 Thread 0x000001ff3692e3f0 DEOPT UNPACKING pc=0x000001ff40fd3aa2 sp=0x0000006ec86fd3c0 mode 2
Event: 0.537 Thread 0x000001ff3692e3f0 Uncommon trap: trap_request=0xffffff45 fr.pc=0x000001ff416feeb8 relative=0x00000000000004d8
Event: 0.537 Thread 0x000001ff3692e3f0 Uncommon trap: reason=unstable_if action=reinterpret pc=0x000001ff416feeb8 method=java.lang.AbstractStringBuilder.inflateIfNeededFor(Ljava/lang/String;)V @ 14 c2
Event: 0.537 Thread 0x000001ff3692e3f0 DEOPT PACKING pc=0x000001ff416feeb8 sp=0x0000006ec86fe240
Event: 0.537 Thread 0x000001ff3692e3f0 DEOPT UNPACKING pc=0x000001ff40fd3aa2 sp=0x0000006ec86fe0f0 mode 2
Event: 0.537 Thread 0x000001ff3692e3f0 Uncommon trap: trap_request=0xffffff45 fr.pc=0x000001ff4170e20c relative=0x000000000000006c
Event: 0.537 Thread 0x000001ff3692e3f0 Uncommon trap: reason=unstable_if action=reinterpret pc=0x000001ff4170e20c method=java.lang.AbstractStringBuilder.isLatin1()Z @ 10 c2
Event: 0.537 Thread 0x000001ff3692e3f0 DEOPT PACKING pc=0x000001ff4170e20c sp=0x0000006ec86fe130
Event: 0.537 Thread 0x000001ff3692e3f0 DEOPT UNPACKING pc=0x000001ff40fd3aa2 sp=0x0000006ec86fe0c0 mode 2
Event: 0.540 Thread 0x000001ff3692e3f0 Uncommon trap: trap_request=0xffffff45 fr.pc=0x000001ff4171e32c relative=0x000000000000008c
Event: 0.540 Thread 0x000001ff3692e3f0 Uncommon trap: reason=unstable_if action=reinterpret pc=0x000001ff4171e32c method=jdk.internal.misc.Unsafe.convEndian(ZI)I @ 4 c2
Event: 0.540 Thread 0x000001ff3692e3f0 DEOPT PACKING pc=0x000001ff4171e32c sp=0x0000006ec86fd7d0
Event: 0.540 Thread 0x000001ff3692e3f0 DEOPT UNPACKING pc=0x000001ff40fd3aa2 sp=0x0000006ec86fd700 mode 2
Event: 0.558 Thread 0x000001ff3692e3f0 DEOPT PACKING pc=0x000001ff39c53b5d sp=0x0000006ec86fd010
Event: 0.558 Thread 0x000001ff3692e3f0 DEOPT UNPACKING pc=0x000001ff40fd4242 sp=0x0000006ec86fc488 mode 0

Classes loaded (20 events):
Event: 0.540 Loading class sun/net/www/MimeTable$DefaultInstanceHolder$1
Event: 0.540 Loading class sun/net/www/MimeTable$DefaultInstanceHolder$1 done
Event: 0.542 Loading class sun/net/www/MimeEntry
Event: 0.542 Loading class sun/net/www/MimeEntry done
Event: 0.546 Loading class java/util/regex/Pattern$1MatcherIterator
Event: 0.546 Loading class java/util/regex/Pattern$1MatcherIterator done
Event: 0.548 Loading class java/util/ImmutableCollections$Access
Event: 0.548 Loading class java/util/ImmutableCollections$Access done
Event: 0.548 Loading class java/util/ImmutableCollections$Access$1
Event: 0.548 Loading class jdk/internal/access/JavaUtilCollectionAccess
Event: 0.548 Loading class jdk/internal/access/JavaUtilCollectionAccess done
Event: 0.548 Loading class java/util/ImmutableCollections$Access$1 done
Event: 0.550 Loading class java/util/stream/Nodes$SpinedNodeBuilder
Event: 0.550 Loading class java/util/stream/SpinedBuffer
Event: 0.550 Loading class java/util/stream/AbstractSpinedBuffer
Event: 0.550 Loading class java/util/stream/AbstractSpinedBuffer done
Event: 0.550 Loading class java/util/stream/SpinedBuffer done
Event: 0.551 Loading class java/util/stream/Nodes$SpinedNodeBuilder done
Event: 0.556 Loading class java/lang/invoke/DirectMethodHandle$Special
Event: 0.556 Loading class java/lang/invoke/DirectMethodHandle$Special done

Classes unloaded (0 events):
No events

Classes redefined (0 events):
No events

Internal exceptions (20 events):
Event: 0.074 Thread 0x000001ff3692e3f0 Exception <a 'java/lang/NoSuchMethodError'{0x00000000d57ac220}: 'void java.lang.invoke.DirectMethodHandle$Holder.invokeStatic(java.lang.Object, java.lang.Object, java.lang.Object)'> (0x00000000d57ac220) 
thrown [s\src\hotspot\share\interpreter\linkResolver.cpp, line 773]
Event: 0.124 Thread 0x000001ff3692e3f0 Exception <a 'java/lang/NoSuchMethodError'{0x00000000d5a164e0}: 'java.lang.Object java.lang.invoke.Invokers$Holder.invokeExact_MT(java.lang.Object, java.lang.Object, java.lang.Object, java.lang.Object, java.lang.Object)'> (0x00000000d5a164e0) 
thrown [s\src\hotspot\share\interpreter\linkResolver.cpp, line 773]
Event: 0.167 Thread 0x000001ff3692e3f0 Exception <a 'java/lang/NoSuchMethodError'{0x00000000d5acfd70}: 'int java.lang.invoke.DirectMethodHandle$Holder.invokeSpecial(java.lang.Object, java.lang.Object, java.lang.Object, int)'> (0x00000000d5acfd70) 
thrown [s\src\hotspot\share\interpreter\linkResolver.cpp, line 773]
Event: 0.170 Thread 0x000001ff3692e3f0 Exception <a 'java/lang/NoSuchMethodError'{0x00000000d5ae2758}: 'java.lang.Object java.lang.invoke.DirectMethodHandle$Holder.invokeStatic(java.lang.Object, java.lang.Object, java.lang.Object, java.lang.Object, int)'> (0x00000000d5ae2758) 
thrown [s\src\hotspot\share\interpreter\linkResolver.cpp, line 773]
Event: 0.171 Thread 0x000001ff3692e3f0 Exception <a 'java/lang/NoSuchMethodError'{0x00000000d5aedb98}: 'void java.lang.invoke.DelegatingMethodHandle$Holder.reinvoke_L(java.lang.Object, java.lang.Object, java.lang.Object, int, java.lang.Object)'> (0x00000000d5aedb98) 
thrown [s\src\hotspot\share\interpreter\linkResolver.cpp, line 773]
Event: 0.174 Thread 0x000001ff3692e3f0 Exception <a 'java/lang/NoSuchMethodError'{0x00000000d5afe4e8}: 'int java.lang.invoke.DirectMethodHandle$Holder.invokeSpecial(java.lang.Object, java.lang.Object, java.lang.Object)'> (0x00000000d5afe4e8) 
thrown [s\src\hotspot\share\interpreter\linkResolver.cpp, line 773]
Event: 0.177 Thread 0x000001ff3692e3f0 Exception <a 'java/lang/NoSuchMethodError'{0x00000000d5b0a1a8}: 'java.lang.Object java.lang.invoke.DirectMethodHandle$Holder.invokeStatic(java.lang.Object, java.lang.Object, int)'> (0x00000000d5b0a1a8) 
thrown [s\src\hotspot\share\interpreter\linkResolver.cpp, line 773]
Event: 0.178 Thread 0x000001ff3692e3f0 Exception <a 'java/lang/NoSuchMethodError'{0x00000000d5b0eaf8}: 'void java.lang.invoke.DirectMethodHandle$Holder.invokeStatic(java.lang.Object, java.lang.Object, int, java.lang.Object)'> (0x00000000d5b0eaf8) 
thrown [s\src\hotspot\share\interpreter\linkResolver.cpp, line 773]
Event: 0.178 Thread 0x000001ff3692e3f0 Exception <a 'java/lang/NoSuchMethodError'{0x00000000d5b12a08}: 'void java.lang.invoke.DirectMethodHandle$Holder.invokeSpecial(java.lang.Object, java.lang.Object, java.lang.Object, int, java.lang.Object)'> (0x00000000d5b12a08) 
thrown [s\src\hotspot\share\interpreter\linkResolver.cpp, line 773]
Event: 0.178 Thread 0x000001ff3692e3f0 Exception <a 'java/lang/NoSuchMethodError'{0x00000000d5b15e78}: 'void java.lang.invoke.DelegatingMethodHandle$Holder.delegate(java.lang.Object, java.lang.Object, int, java.lang.Object)'> (0x00000000d5b15e78) 
thrown [s\src\hotspot\share\interpreter\linkResolver.cpp, line 773]
Event: 0.250 Thread 0x000001ff3692e3f0 Exception <a 'java/lang/NoSuchMethodError'{0x00000000d5cd61e0}: 'void java.lang.invoke.DelegatingMethodHandle$Holder.reinvoke_L(java.lang.Object, java.lang.Object, java.lang.Object, int)'> (0x00000000d5cd61e0) 
thrown [s\src\hotspot\share\interpreter\linkResolver.cpp, line 773]
Event: 0.397 Thread 0x000001ff3692e3f0 Exception <a 'java/lang/NoSuchMethodError'{0x00000000d615ecf0}: 'void java.lang.invoke.DirectMethodHandle$Holder.invokeVirtual(java.lang.Object, java.lang.Object)'> (0x00000000d615ecf0) 
thrown [s\src\hotspot\share\interpreter\linkResolver.cpp, line 773]
Event: 0.510 Thread 0x000001ff3692e3f0 Exception <a 'java/lang/NoSuchMethodError'{0x00000000d6542d98}: 'void java.lang.invoke.DirectMethodHandle$Holder.invokeStatic(java.lang.Object, java.lang.Object)'> (0x00000000d6542d98) 
thrown [s\src\hotspot\share\interpreter\linkResolver.cpp, line 773]
Event: 0.516 Thread 0x000001ff3692e3f0 Exception <a 'java/lang/ClassNotFoundException'{0x00000000d656aea0}: sun/net/www/protocol/c/Handler> (0x00000000d656aea0) 
thrown [s\src\hotspot\share\classfile\systemDictionary.cpp, line 312]
Event: 0.537 Thread 0x000001ff3692e3f0 Exception <a 'java/io/FileNotFoundException'{0x00000000d65c8a20}> (0x00000000d65c8a20) 
thrown [s\src\hotspot\share\prims\jni.cpp, line 520]
Event: 0.538 Thread 0x000001ff3692e3f0 Exception <a 'java/io/FileNotFoundException'{0x00000000d65ca028}> (0x00000000d65ca028) 
thrown [s\src\hotspot\share\prims\jni.cpp, line 520]
Event: 0.538 Thread 0x000001ff3692e3f0 Exception <a 'java/io/FileNotFoundException'{0x00000000d65caf90}> (0x00000000d65caf90) 
thrown [s\src\hotspot\share\prims\jni.cpp, line 520]
Event: 0.539 Thread 0x000001ff3692e3f0 Exception <a 'java/io/FileNotFoundException'{0x00000000d65cbde0}> (0x00000000d65cbde0) 
thrown [s\src\hotspot\share\prims\jni.cpp, line 520]
Event: 0.545 Thread 0x000001ff3692e3f0 Exception <a 'java/io/FileNotFoundException'{0x00000000d6606288}> (0x00000000d6606288) 
thrown [s\src\hotspot\share\prims\jni.cpp, line 520]
Event: 0.557 Thread 0x000001ff3692e3f0 Exception <a 'java/lang/NoSuchMethodError'{0x00000000d6642b08}: 'java.lang.Object java.lang.invoke.DirectMethodHandle$Holder.invokeInterface(java.lang.Object, java.lang.Object)'> (0x00000000d6642b08) 
thrown [s\src\hotspot\share\interpreter\linkResolver.cpp, line 773]

ZGC Phase Switch (0 events):
No events

VM Operations (8 events):
Event: 0.077 Executing non-safepoint VM operation: HandshakeAllThreads (Deoptimize)
Event: 0.077 Executing non-safepoint VM operation: HandshakeAllThreads (Deoptimize) done
Event: 0.143 Executing non-safepoint VM operation: HandshakeAllThreads (Deoptimize)
Event: 0.143 Executing non-safepoint VM operation: HandshakeAllThreads (Deoptimize) done
Event: 0.488 Executing non-safepoint VM operation: HandshakeAllThreads (Deoptimize)
Event: 0.488 Executing non-safepoint VM operation: HandshakeAllThreads (Deoptimize) done
Event: 0.505 Executing non-safepoint VM operation: HandshakeAllThreads (Deoptimize)
Event: 0.505 Executing non-safepoint VM operation: HandshakeAllThreads (Deoptimize) done

Memory protections (0 events):
No events

Nmethod flushes (0 events):
No events

Events (15 events):
Event: 0.027 Thread 0x000001ff3692e3f0 Thread added: 0x000001ff3692e3f0
Event: 0.044 Thread 0x000001ff3692e3f0 Thread added: 0x000001ff8e1fc480
Event: 0.044 Thread 0x000001ff3692e3f0 Thread added: 0x000001ff369d3fe0
Event: 0.044 Thread 0x000001ff3692e3f0 Thread added: 0x000001ff369d8220
Event: 0.044 Thread 0x000001ff3692e3f0 Thread added: 0x000001ff369dbf20
Event: 0.044 Thread 0x000001ff3692e3f0 Thread added: 0x000001ff369df040
Event: 0.044 Thread 0x000001ff3692e3f0 Thread added: 0x000001ff369e50e0
Event: 0.045 Thread 0x000001ff3692e3f0 Thread added: 0x000001ff369e9380
Event: 0.045 Thread 0x000001ff3692e3f0 Thread added: 0x000001ff369edb40
Event: 0.077 Thread 0x000001ff369edb40 Thread added: 0x000001ff8f7ad4f0
Event: 0.077 Thread 0x000001ff8f7ad4f0 Thread added: 0x000001ff8f7aeeb0
Event: 0.101 Thread 0x000001ff3692e3f0 Thread added: 0x000001ff8f890a40
Event: 0.346 Thread 0x000001ff3692e3f0 Thread added: 0x000001ff8fa045e0
Event: 0.423 Thread 0x000001ff8f7ad4f0 Thread added: 0x000001ff9504d710
Event: 0.423 Thread 0x000001ff8f7ad4f0 Thread added: 0x000001ff9504ddc0


Dynamic libraries:
0x00007ff786010000 - 0x00007ff78601e000 	c:\Users\win11\.antigravity\extensions\redhat.java-1.53.0-win32-x64\jre\21.0.10-win32-x86_64\bin\java.exe
0x00007ff8f3620000 - 0x00007ff8f3887000 	C:\WINDOWS\SYSTEM32\ntdll.dll
0x00007ff8f28c0000 - 0x00007ff8f2989000 	C:\WINDOWS\System32\KERNEL32.DLL
0x00007ff8f0030000 - 0x00007ff8f0424000 	C:\WINDOWS\System32\KERNELBASE.dll
0x00007ff8f0430000 - 0x00007ff8f057b000 	C:\WINDOWS\System32\ucrtbase.dll
0x00007ff8c7190000 - 0x00007ff8c71ae000 	c:\Users\win11\.antigravity\extensions\redhat.java-1.53.0-win32-x64\jre\21.0.10-win32-x86_64\bin\VCRUNTIME140.dll
0x00007ff8c6bf0000 - 0x00007ff8c6c08000 	c:\Users\win11\.antigravity\extensions\redhat.java-1.53.0-win32-x64\jre\21.0.10-win32-x86_64\bin\jli.dll
0x00007ff8f26e0000 - 0x00007ff8f28a5000 	C:\WINDOWS\System32\USER32.dll
0x00007ff8f0610000 - 0x00007ff8f0637000 	C:\WINDOWS\System32\win32u.dll
0x00007ff8d1d40000 - 0x00007ff8d1fd3000 	C:\WINDOWS\WinSxS\amd64_microsoft.windows.common-controls_6595b64144ccf1df_6.0.26100.8115_none_3e075c82e3354f9c\COMCTL32.dll
0x00007ff8f34e0000 - 0x00007ff8f350b000 	C:\WINDOWS\System32\GDI32.dll
0x00007ff8f2630000 - 0x00007ff8f26d9000 	C:\WINDOWS\System32\msvcrt.dll
0x00007ff8f11a0000 - 0x00007ff8f12cb000 	C:\WINDOWS\System32\gdi32full.dll
0x00007ff8f07c0000 - 0x00007ff8f0863000 	C:\WINDOWS\System32\msvcp_win.dll
0x00007ff8f2490000 - 0x00007ff8f24c2000 	C:\WINDOWS\System32\IMM32.DLL
0x00007ff8e2cb0000 - 0x00007ff8e2cbc000 	c:\Users\win11\.antigravity\extensions\redhat.java-1.53.0-win32-x64\jre\21.0.10-win32-x86_64\bin\vcruntime140_1.dll
0x00007ff82a0b0000 - 0x00007ff82a13d000 	c:\Users\win11\.antigravity\extensions\redhat.java-1.53.0-win32-x64\jre\21.0.10-win32-x86_64\bin\msvcp140.dll
0x00007ff803d50000 - 0x00007ff804af1000 	c:\Users\win11\.antigravity\extensions\redhat.java-1.53.0-win32-x64\jre\21.0.10-win32-x86_64\bin\server\jvm.dll
0x00007ff8f2230000 - 0x00007ff8f22e6000 	C:\WINDOWS\System32\ADVAPI32.dll
0x00007ff8f1620000 - 0x00007ff8f16c7000 	C:\WINDOWS\System32\sechost.dll
0x00007ff8f3340000 - 0x00007ff8f3458000 	C:\WINDOWS\System32\RPCRT4.dll
0x00007ff8f21a0000 - 0x00007ff8f2220000 	C:\WINDOWS\System32\WS2_32.dll
0x00007ff8ef720000 - 0x00007ff8ef77e000 	C:\WINDOWS\SYSTEM32\POWRPROF.dll
0x00007ff8df650000 - 0x00007ff8df686000 	C:\WINDOWS\SYSTEM32\WINMM.dll
0x00007ff8e3760000 - 0x00007ff8e376b000 	C:\WINDOWS\SYSTEM32\VERSION.dll
0x00007ff8ef700000 - 0x00007ff8ef714000 	C:\WINDOWS\SYSTEM32\UMPDC.dll
0x00007ff8eec50000 - 0x00007ff8eec6b000 	C:\WINDOWS\SYSTEM32\kernel.appcore.dll
0x00007ff8e2c80000 - 0x00007ff8e2c8a000 	c:\Users\win11\.antigravity\extensions\redhat.java-1.53.0-win32-x64\jre\21.0.10-win32-x86_64\bin\jimage.dll
0x00007ff8edee0000 - 0x00007ff8ee122000 	C:\WINDOWS\SYSTEM32\DBGHELP.DLL
0x00007ff8f1e10000 - 0x00007ff8f2192000 	C:\WINDOWS\System32\combase.dll
0x00007ff8f1380000 - 0x00007ff8f1458000 	C:\WINDOWS\System32\OLEAUT32.dll
0x00007ff8e6120000 - 0x00007ff8e615b000 	C:\WINDOWS\SYSTEM32\dbgcore.DLL
0x00007ff8f12d0000 - 0x00007ff8f1375000 	C:\WINDOWS\System32\bcryptPrimitives.dll
0x00007ff8e1950000 - 0x00007ff8e195f000 	c:\Users\win11\.antigravity\extensions\redhat.java-1.53.0-win32-x64\jre\21.0.10-win32-x86_64\bin\instrument.dll
0x00007ff8c1600000 - 0x00007ff8c1620000 	c:\Users\win11\.antigravity\extensions\redhat.java-1.53.0-win32-x64\jre\21.0.10-win32-x86_64\bin\java.dll
0x00007ff8f2af0000 - 0x00007ff8f3257000 	C:\WINDOWS\System32\SHELL32.dll
0x00007ff8efec0000 - 0x00007ff8f002a000 	C:\WINDOWS\System32\wintypes.dll
0x00007ff8f0870000 - 0x00007ff8f10d8000 	C:\WINDOWS\System32\windows.storage.dll
0x00007ff8f1520000 - 0x00007ff8f1618000 	C:\WINDOWS\System32\SHCORE.dll
0x00007ff8f3280000 - 0x00007ff8f32e6000 	C:\WINDOWS\System32\shlwapi.dll
0x00007ff8efde0000 - 0x00007ff8efe09000 	C:\WINDOWS\SYSTEM32\profapi.dll
0x00007ff8c14f0000 - 0x00007ff8c1508000 	c:\Users\win11\.antigravity\extensions\redhat.java-1.53.0-win32-x64\jre\21.0.10-win32-x86_64\bin\zip.dll
0x00007ff8e26f0000 - 0x00007ff8e2700000 	C:\Users\win11\.antigravity\extensions\redhat.java-1.53.0-win32-x64\jre\21.0.10-win32-x86_64\bin\net.dll
0x00007ff8e91b0000 - 0x00007ff8e92dd000 	C:\WINDOWS\SYSTEM32\WINHTTP.dll
0x00007ff8ef1c0000 - 0x00007ff8ef22c000 	C:\WINDOWS\system32\mswsock.dll
0x00007ff8bbd90000 - 0x00007ff8bbda6000 	C:\Users\win11\.antigravity\extensions\redhat.java-1.53.0-win32-x64\jre\21.0.10-win32-x86_64\bin\nio.dll
0x00007ff8e1410000 - 0x00007ff8e1420000 	c:\Users\win11\.antigravity\extensions\redhat.java-1.53.0-win32-x64\jre\21.0.10-win32-x86_64\bin\verify.dll

JVMTI agents:
c:\Users\win11\.antigravity\extensions\redhat.java-1.53.0-win32-x64\lombok\lombok-1.18.39-4050.jar path:c:\Users\win11\.antigravity\extensions\redhat.java-1.53.0-win32-x64\jre\21.0.10-win32-x86_64\bin\instrument.dll, loaded, initialized, instrumentlib options:none

dbghelp: loaded successfully - version: 4.0.5 - missing functions: none
symbol engine: initialized successfully - sym options: 0x614 - pdb path: .;c:\Users\win11\.antigravity\extensions\redhat.java-1.53.0-win32-x64\jre\21.0.10-win32-x86_64\bin;C:\WINDOWS\SYSTEM32;C:\WINDOWS\WinSxS\amd64_microsoft.windows.common-controls_6595b64144ccf1df_6.0.26100.8115_none_3e075c82e3354f9c;c:\Users\win11\.antigravity\extensions\redhat.java-1.53.0-win32-x64\jre\21.0.10-win32-x86_64\bin\server

VM Arguments:
jvm_args: --add-modules=ALL-SYSTEM --add-opens=java.base/java.util=ALL-UNNAMED --add-opens=java.base/java.lang=ALL-UNNAMED --add-opens=java.base/sun.nio.fs=ALL-UNNAMED -Declipse.application=org.eclipse.jdt.ls.core.id1 -Dosgi.bundles.defaultStartLevel=4 -Declipse.product=org.eclipse.jdt.ls.core.product -Djava.import.generatesMetadataFilesAtProjectRoot=false -DDetectVMInstallationsJob.disabled=true -Dfile.encoding=utf8 -XX:+UseParallelGC -XX:GCTimeRatio=4 -XX:AdaptiveSizePolicyWeight=90 -Dsun.zip.disableMemoryMapping=true -Xmx2G -Xms100m -Xlog:disable -javaagent:c:\Users\win11\.antigravity\extensions\redhat.java-1.53.0-win32-x64\lombok\lombok-1.18.39-4050.jar 
java_command: c:\Users\win11\.antigravity\extensions\redhat.java-1.53.0-win32-x64\server\plugins\org.eclipse.equinox.launcher_1.7.100.v20251111-0406.jar -configuration c:\Users\win11\AppData\Roaming\Antigravity\User\globalStorage\redhat.java\1.53.0\config_ss_win -data c:\Users\win11\AppData\Roaming\Antigravity\User\workspaceStorage\038fb1986a159944be3a2768635ce611\redhat.java\ss_ws --pipe=\\.\pipe\lsp-195362df3338ec5b785e3f77592cd588-sock
java_class_path (initial): c:\Users\win11\.antigravity\extensions\redhat.java-1.53.0-win32-x64\server\plugins\org.eclipse.equinox.launcher_1.7.100.v20251111-0406.jar
Launcher Type: SUN_STANDARD

[Global flags]
    uintx AdaptiveSizePolicyWeight                 = 90                                        {product} {command line}
     intx CICompilerCount                          = 12                                        {product} {ergonomic}
    uintx GCTimeRatio                              = 4                                         {product} {command line}
   size_t InitialHeapSize                          = 104857600                                 {product} {command line}
   size_t MaxHeapSize                              = 2147483648                                {product} {command line}
   size_t MaxNewSize                               = 715653120                                 {product} {ergonomic}
   size_t MinHeapDeltaBytes                        = 524288                                    {product} {ergonomic}
   size_t MinHeapSize                              = 104857600                                 {product} {command line}
   size_t NewSize                                  = 34603008                                  {product} {ergonomic}
    uintx NonNMethodCodeHeapSize                   = 7602480                                {pd product} {ergonomic}
    uintx NonProfiledCodeHeapSize                  = 122027880                              {pd product} {ergonomic}
   size_t OldSize                                  = 70254592                                  {product} {ergonomic}
    uintx ProfiledCodeHeapSize                     = 122027880                              {pd product} {ergonomic}
    uintx ReservedCodeCacheSize                    = 251658240                              {pd product} {ergonomic}
     bool SegmentedCodeCache                       = true                                      {product} {ergonomic}
   size_t SoftMaxHeapSize                          = 2147483648                             {manageable} {ergonomic}
     bool UseCompressedOops                        = true                           {product lp64_product} {ergonomic}
     bool UseLargePagesIndividualAllocation        = false                                  {pd product} {ergonomic}
     bool UseParallelGC                            = true                                      {product} {command line}

Logging:
Log output configuration:
 #0: stdout all=off uptime,level,tags foldmultilines=false
 #1: stderr all=off uptime,level,tags foldmultilines=false

Release file:
JAVA_VERSION="21.0.10" 
MODULES="java.base java.compiler java.datatransfer java.xml java.prefs java.desktop java.instrument java.logging java.management java.security.sasl java.naming java.rmi java.management.rmi java.net.http java.scripting java.security.jgss java.transaction.xa java.sql java.sql.rowset java.xml.crypto java.se java.smartcardio jdk.accessibility jdk.internal.jvmstat jdk.attach jdk.charsets jdk.internal.opt jdk.zipfs jdk.compiler jdk.crypto.ec jdk.crypto.cryptoki jdk.crypto.mscapi jdk.dynalink jdk.internal.ed jdk.editpad jdk.hotspot.agent jdk.httpserver jdk.internal.le jdk.internal.vm.ci jdk.internal.vm.compiler jdk.internal.vm.compiler.management jdk.jartool jdk.javadoc jdk.jcmd jdk.management jdk.management.agent jdk.jconsole jdk.jdeps jdk.jdwp.agent jdk.jdi jdk.jfr jdk.jshell jdk.jsobject jdk.jstatd jdk.localedata jdk.management.jfr jdk.naming.dns jdk.naming.rmi jdk.net jdk.nio.mapmode jdk.random jdk.sctp jdk.security.auth jdk.security.jgss jdk.unsupported jdk.unsupported.desktop jdk.xml.dom" 

Environment Variables:
PATH=D:\VMware\bin\;C:\Program Files\Common Files\Oracle\Java\javapath;C:\Windows\system32;C:\Windows;C:\Windows\System32\Wbem;C:\Windows\System32\WindowsPowerShell\v1.0\;C:\Windows\System32\OpenSSH\;C:\Program Files (x86)\NVIDIA Corporation\PhysX\Common;C:\Program Files (x86)\Microsoft SQL Server\160\Tools\Binn\;C:\Program Files\Microsoft SQL Server\160\Tools\Binn\;C:\Program Files\Microsoft SQL Server\Client SDK\ODBC\170\Tools\Binn\;C:\Program Files\Microsoft SQL Server\160\DTS\Binn\;C:\Program Files (x86)\Microsoft SQL Server\160\DTS\Binn\;C:\Program Files\Microsoft SQL Server\150\Tools\Binn\;C:\WINDOWS\system32;C:\WINDOWS;C:\WINDOWS\System32\Wbem;C:\WINDOWS\System32\WindowsPowerShell\v1.0\;C:\WINDOWS\System32\OpenSSH\;C:\Program Files\Microsoft SQL Server\130\Tools\Binn\;C:\Program Files\Git\cmd;C:\Program Files\dotnet\;C:\Program Files\nodejs\;C:\Program Files\NVIDIA Corporation\NVIDIA App\NvDLISR;C:\Users\win11\AppData\Local\Programs\Python\Python312\Scripts\;C:\Users\win11\AppData\Local\Programs\Python\Python312\;C:\Program Files\Common Files\Oracle\Java\javapath;C:\Windows\system32;C:\Windows;C:\Windows\System32\Wbem;C:\Windows\System32\WindowsPowerShell\v1.0\;C:\Windows\System32\OpenSSH\;C:\Program Files (x86)\NVIDIA Corporation\PhysX\Common;C:\Program Files\NVIDIA Corporation\NVIDIA NvDLISR;C:\Program Files (x86)\Microsoft SQL Server\160\Tools\Binn\;C:\Program Files\Microsoft SQL Server\160\Tools\Binn\;C:\Program Files\Microsoft SQL Server\Client SDK\ODBC\170\Tools\Binn\;C:\Program Files\Microsoft SQL Server\160\DTS\Binn\;C:\Program Files (x86)\Microsoft SQL Server\160\DTS\Binn\;C:\Program Files\Microsoft SQL Server\150\Tools\Binn\;C:\WINDOWS\system32;C:\WINDOWS;C:\WINDOWS\System32\Wbem;C:\WINDOWS\System32\WindowsPowerShell\v1.0\;C:\WINDOWS\System32\OpenSSH\;C:\Program Files\Microsoft SQL Server\130\Tools\Binn\;C:\Program Files\Git\cmd;C:\Users\win11\flutterpath\flutter\bin;C:\Users\win11\AppData\Local\Microsoft\WindowsApps;C:\Users\win11\AppData\Local\GitHubDesktop\bin;C:\Users\win11\AppData\Local\Programs\cursor\resources\app\bin;C:\Users\win11\AppData\Local\Android\Sdk\cmdline-tools\latest\bin;C:\Users\win11\AppData\Local\Programs\Microsoft VS Code\bin;C:\Users\win11\.dotnet\tools;C:\Users\win11\AppData\Local\Programs\Antigravity\bin;C:\Users\win11\AppData\Roaming\npm
USERNAME=win11
OS=Windows_NT
PROCESSOR_IDENTIFIER=Intel64 Family 6 Model 154 Stepping 3, GenuineIntel
TMP=C:\Users\win11\AppData\Local\Temp
TEMP=C:\Users\win11\AppData\Local\Temp




Periodic native trim disabled

---------------  S Y S T E M  ---------------

OS:
 Windows 11 , 64 bit Build 26100 (10.0.26100.8246)
OS uptime: 0 days 7:36 hours
Hyper-V role detected

CPU: total 16 (initial active 16) (8 cores per cpu, 2 threads per core) family 6 model 154 stepping 3 microcode 0x435, cx8, cmov, fxsr, ht, mmx, 3dnowpref, sse, sse2, sse3, ssse3, sse4.1, sse4.2, popcnt, lzcnt, tsc, tscinvbit, avx, avx2, aes, erms, clmul, bmi1, bmi2, adx, sha, fma, vzeroupper, clflush, clflushopt, clwb, hv, serialize, rdtscp, rdpid, fsrm, f16c, cet_ibt, cet_ss
Processor Information for processor 0
  Max Mhz: 2500, Current Mhz: 2500, Mhz Limit: 2500
Processor Information for processor 1
  Max Mhz: 2500, Current Mhz: 2500, Mhz Limit: 2500
Processor Information for processor 2
  Max Mhz: 2500, Current Mhz: 2500, Mhz Limit: 2500
Processor Information for processor 3
  Max Mhz: 2500, Current Mhz: 2500, Mhz Limit: 2500
Processor Information for processor 4
  Max Mhz: 2500, Current Mhz: 2500, Mhz Limit: 2500
Processor Information for processor 5
  Max Mhz: 2500, Current Mhz: 2500, Mhz Limit: 2500
Processor Information for processor 6
  Max Mhz: 2500, Current Mhz: 2500, Mhz Limit: 2500
Processor Information for processor 7
  Max Mhz: 2500, Current Mhz: 2500, Mhz Limit: 2500
Processor Information for processor 8
  Max Mhz: 2500, Current Mhz: 1800, Mhz Limit: 1800
Processor Information for processor 9
  Max Mhz: 2500, Current Mhz: 1800, Mhz Limit: 1800
Processor Information for processor 10
  Max Mhz: 2500, Current Mhz: 1800, Mhz Limit: 1800
Processor Information for processor 11
  Max Mhz: 2500, Current Mhz: 1500, Mhz Limit: 1800
Processor Information for processor 12
  Max Mhz: 2500, Current Mhz: 1500, Mhz Limit: 1800
Processor Information for processor 13
  Max Mhz: 2500, Current Mhz: 1800, Mhz Limit: 1800
Processor Information for processor 14
  Max Mhz: 2500, Current Mhz: 1800, Mhz Limit: 1800
Processor Information for processor 15
  Max Mhz: 2500, Current Mhz: 1800, Mhz Limit: 1800

Memory: 4k page, system-wide physical 16109M (2276M free)
TotalPageFile size 19907M (AvailPageFile size 12M)
current process WorkingSet (physical memory assigned to process): 68M, peak: 69M
current process commit charge ("private bytes"): 251M, peak: 251M

vm_info: OpenJDK 64-Bit Server VM (21.0.10+7-LTS) for windows-amd64 JRE (21.0.10+7-LTS), built on 2026-01-20T00:00:00Z by "admin" with MS VC++ 17.12 (VS2022)

END.
